2020-08-21 01:37:35,062 WARN com.zaxxer.hikari.pool.HikariPool$HouseKeeper [HikariPool-1 housekeeper] HikariPool-1 - Thread starvation or clock leap detected (housekeeper delta=3h17s530ms).
2020-08-21 03:37:42,175 WARN com.zaxxer.hikari.pool.HikariPool$HouseKeeper [HikariPool-1 housekeeper] HikariPool-1 - Thread starvation or clock leap detected (housekeeper delta=2h7s31ms).
2020-08-21 05:38:05,048 WARN com.zaxxer.hikari.pool.HikariPool$HouseKeeper [HikariPool-1 housekeeper] HikariPool-1 - Thread starvation or clock leap detected (housekeeper delta=2h22s963ms).
2020-08-21 07:24:54,128 WARN com.zaxxer.hikari.pool.HikariPool$HouseKeeper [HikariPool-1 housekeeper] HikariPool-1 - Thread starvation or clock leap detected (housekeeper delta=1h46m49s29ms).
2020-08-21 07:25:24,275 INFO pl.mihome.stejsiWebApp.logic.PodopiecznyService [http-nio-8080-exec-7] Sprawdzanie dostępności adresu e-mail do rejestracji dla: mkozlowski@tl
2020-08-21 07:25:26,015 INFO pl.mihome.stejsiWebApp.logic.ScheduledNotificationService [scheduling-1] Rozpoczynanie wysyłki powiadomień o nowych treningach z częstotliwością raz na 15 minut(y)
2020-08-21 07:25:28,319 INFO pl.mihome.stejsiWebApp.logic.PodopiecznyService [http-nio-8080-exec-8] Sprawdzanie dostępności adresu e-mail do rejestracji dla: mkozlowski@tlen.pl
2020-08-21 07:25:30,085 INFO pl.mihome.stejsiWebApp.logic.PodopiecznyService [http-nio-8080-exec-10] Tworzenie nowego uzytkownika: mkozlowski@tlen.pl
2020-08-21 07:25:30,974 WARN org.hibernate.engine.jdbc.spi.SqlExceptionHelper [http-nio-8080-exec-10] SQL Error: 23505, SQLState: 23505
2020-08-21 07:25:30,975 ERROR org.hibernate.engine.jdbc.spi.SqlExceptionHelper [http-nio-8080-exec-10] Naruszenie ograniczenia Klucza Głównego lub Indeksu Unikalnego: "public.CONSTRAINT_7E_INDEX_9 ON public.uzytkownicy(email) VALUES 3"
Unique index or primary key violation: "public.CONSTRAINT_7E_INDEX_9 ON public.uzytkownicy(email) VALUES 3"; SQL statement:
insert into uzytkownicy (id, usuniety, when_created, aktywny, email, imie, nazwisko, phone_number, setting_tip_notifications) values (null, ?, ?, ?, ?, ?, ?, ?, ?) [23505-200]
2020-08-21 07:27:51,040 INFO org.springframework.scheduling.concurrent.ExecutorConfigurationSupport [SpringContextShutdownHook] Shutting down ExecutorService 'taskScheduler'
2020-08-21 07:27:51,042 INFO org.springframework.scheduling.concurrent.ExecutorConfigurationSupport [SpringContextShutdownHook] Shutting down ExecutorService 'applicationTaskExecutor'
2020-08-21 07:27:51,056 INFO org.springframework.orm.jpa.AbstractEntityManagerFactoryBean [SpringContextShutdownHook] Closing JPA EntityManagerFactory for persistence unit 'default'
2020-08-21 07:27:51,065 INFO com.zaxxer.hikari.HikariDataSource [SpringContextShutdownHook] HikariPool-1 - Shutdown initiated...
2020-08-21 07:27:51,069 INFO com.zaxxer.hikari.HikariDataSource [SpringContextShutdownHook] HikariPool-1 - Shutdown completed.
2020-08-21 07:27:59,433 INFO org.springframework.boot.StartupInfoLogger [main] Starting StejsiWebAppApplication on macbookpro-milosz.home with PID 4503 (/Users/mkozlowski/Developer/Java/stejsiWebApp/target/classes started by mkozlowski in /Users/mkozlowski/Developer/Java/stejsiWebApp)
2020-08-21 07:27:59,437 INFO org.springframework.boot.SpringApplication [main] The following profiles are active: local
2020-08-21 07:28:01,023 INFO org.springframework.data.repository.config.RepositoryConfigurationDelegate [main] Bootstrapping Spring Data JPA repositories in DEFAULT mode.
2020-08-21 07:28:01,264 INFO org.springframework.data.repository.config.RepositoryConfigurationDelegate [main] Finished Spring Data repository scanning in 232ms. Found 10 JPA repository interfaces.
2020-08-21 07:28:01,957 INFO org.springframework.context.support.PostProcessorRegistrationDelegate$BeanPostProcessorChecker [main] Bean 'org.springframework.security.config.annotation.configuration.ObjectPostProcessorConfiguration' of type [org.springframework.security.config.annotation.configuration.ObjectPostProcessorConfiguration] is not eligible for getting processed by all BeanPostProcessors (for example: not eligible for auto-proxying)
2020-08-21 07:28:01,961 INFO org.springframework.context.support.PostProcessorRegistrationDelegate$BeanPostProcessorChecker [main] Bean 'objectPostProcessor' of type [org.springframework.security.config.annotation.configuration.AutowireBeanFactoryObjectPostProcessor] is not eligible for getting processed by all BeanPostProcessors (for example: not eligible for auto-proxying)
2020-08-21 07:28:01,963 INFO org.springframework.context.support.PostProcessorRegistrationDelegate$BeanPostProcessorChecker [main] Bean 'org.springframework.security.access.expression.method.DefaultMethodSecurityExpressionHandler@6d229b1c' of type [org.springframework.security.access.expression.method.DefaultMethodSecurityExpressionHandler] is not eligible for getting processed by all BeanPostProcessors (for example: not eligible for auto-proxying)
2020-08-21 07:28:01,964 INFO org.springframework.context.support.PostProcessorRegistrationDelegate$BeanPostProcessorChecker [main] Bean 'org.springframework.security.config.annotation.method.configuration.GlobalMethodSecurityConfiguration' of type [org.springframework.security.config.annotation.method.configuration.GlobalMethodSecurityConfiguration] is not eligible for getting processed by all BeanPostProcessors (for example: not eligible for auto-proxying)
2020-08-21 07:28:01,969 INFO org.springframework.context.support.PostProcessorRegistrationDelegate$BeanPostProcessorChecker [main] Bean 'methodSecurityMetadataSource' of type [org.springframework.security.access.method.DelegatingMethodSecurityMetadataSource] is not eligible for getting processed by all BeanPostProcessors (for example: not eligible for auto-proxying)
2020-08-21 07:28:02,388 INFO org.springframework.boot.web.embedded.tomcat.TomcatWebServer [main] Tomcat initialized with port(s): 8080 (http)
2020-08-21 07:28:02,397 INFO org.apache.juli.logging.DirectJDKLog [main] Initializing ProtocolHandler ["http-nio-8080"]
2020-08-21 07:28:02,397 INFO org.apache.juli.logging.DirectJDKLog [main] Starting service [Tomcat]
2020-08-21 07:28:02,398 INFO org.apache.juli.logging.DirectJDKLog [main] Starting Servlet engine: [Apache Tomcat/9.0.33]
2020-08-21 07:28:02,525 INFO org.apache.juli.logging.DirectJDKLog [main] Initializing Spring embedded WebApplicationContext
2020-08-21 07:28:02,526 INFO org.springframework.boot.web.servlet.context.ServletWebServerApplicationContext [main] Root WebApplicationContext: initialization completed in 3023 ms
2020-08-21 07:28:02,644 WARN org.springframework.boot.autoconfigure.orm.jpa.JpaBaseConfiguration$JpaWebConfiguration [main] spring.jpa.open-in-view is enabled by default. Therefore, database queries may be performed during view rendering. Explicitly configure spring.jpa.open-in-view to disable this warning
2020-08-21 07:28:02,779 INFO org.flywaydb.core.internal.logging.slf4j.Slf4jLog [main] Flyway Community Edition 6.0.8 by Redgate
2020-08-21 07:28:02,786 INFO com.zaxxer.hikari.HikariDataSource [main] HikariPool-1 - Starting...
2020-08-21 07:28:03,016 INFO com.zaxxer.hikari.HikariDataSource [main] HikariPool-1 - Start completed.
2020-08-21 07:28:03,034 INFO org.flywaydb.core.internal.logging.slf4j.Slf4jLog [main] Database: jdbc:h2:file:/Users/mkozlowski/Developer/Java/stejsiWebApp/StejsiAppDB_mysql (H2 1.4)
2020-08-21 07:28:03,069 WARN org.flywaydb.core.internal.logging.slf4j.Slf4jLog [main] Flyway upgrade recommended: H2 1.4.200 is newer than this version of Flyway and support has not been tested. The latest supported version of H2 is 1.4.199.
2020-08-21 07:28:03,137 INFO org.flywaydb.core.internal.logging.slf4j.Slf4jLog [main] Successfully validated 22 migrations (execution time 00:00.053s)
2020-08-21 07:28:03,157 INFO org.flywaydb.core.internal.logging.slf4j.Slf4jLog [main] Current version of schema "public": 22
2020-08-21 07:28:03,159 INFO org.flywaydb.core.internal.logging.slf4j.Slf4jLog [main] Schema "public" is up to date. No migration necessary.
2020-08-21 07:28:03,309 INFO org.hibernate.jpa.internal.util.LogHelper [main] HHH000204: Processing PersistenceUnitInfo [name: default]
2020-08-21 07:28:03,419 INFO org.hibernate.Version [main] HHH000412: Hibernate ORM core version 5.4.12.Final
2020-08-21 07:28:03,554 INFO org.hibernate.annotations.common.reflection.java.JavaReflectionManager [main] HCANN000001: Hibernate Commons Annotations {5.1.0.Final}
2020-08-21 07:28:03,696 INFO org.hibernate.dialect.Dialect [main] HHH000400: Using dialect: org.hibernate.dialect.H2Dialect
2020-08-21 07:28:04,764 INFO org.hibernate.engine.transaction.jta.platform.internal.JtaPlatformInitiator [main] HHH000490: Using JtaPlatform implementation: [org.hibernate.engine.transaction.jta.platform.internal.NoJtaPlatform]
2020-08-21 07:28:04,778 INFO org.springframework.orm.jpa.AbstractEntityManagerFactoryBean [main] Initialized JPA EntityManagerFactory for persistence unit 'default'
2020-08-21 07:28:06,562 INFO pl.mihome.stejsiWebApp.logic.FirebaseCloudMessagingInit [main] Firebase application has been initialized
2020-08-21 07:28:06,964 INFO org.springframework.security.web.DefaultSecurityFilterChain [main] Creating filter chain: any request, [org.springframework.security.web.context.request.async.WebAsyncManagerIntegrationFilter@5dc218e2, org.springframework.security.web.context.SecurityContextPersistenceFilter@75c0e6be, org.springframework.security.web.header.HeaderWriterFilter@39329d81, org.springframework.security.web.csrf.CsrfFilter@41c05747, org.keycloak.adapters.springsecurity.filter.KeycloakPreAuthActionsFilter@6c26e588, org.keycloak.adapters.springsecurity.filter.KeycloakAuthenticationProcessingFilter@10f384a2, org.springframework.security.web.authentication.logout.LogoutFilter@5397d41e, org.springframework.security.web.savedrequest.RequestCacheAwareFilter@74e111a8, org.springframework.security.web.servletapi.SecurityContextHolderAwareRequestFilter@6db64abf, org.keycloak.adapters.springsecurity.filter.KeycloakSecurityContextRequestFilter@1d45c4b7, org.keycloak.adapters.springsecurity.filter.KeycloakAuthenticatedActionsFilter@46146832, org.springframework.security.web.authentication.AnonymousAuthenticationFilter@11d474a, org.springframework.security.web.session.SessionManagementFilter@dcf64d2, org.springframework.security.web.access.ExceptionTranslationFilter@1e8c9083, org.springframework.security.web.access.intercept.FilterSecurityInterceptor@674b9b85]
2020-08-21 07:28:07,132 INFO org.springframework.scheduling.concurrent.ExecutorConfigurationSupport [main] Initializing ExecutorService 'applicationTaskExecutor'
2020-08-21 07:28:07,250 INFO org.springframework.boot.autoconfigure.web.servlet.WelcomePageHandlerMapping [main] Adding welcome page template: index
2020-08-21 07:28:07,651 INFO org.springframework.scheduling.concurrent.ExecutorConfigurationSupport [main] Initializing ExecutorService 'taskScheduler'
2020-08-21 07:28:07,713 INFO org.apache.juli.logging.DirectJDKLog [main] Starting ProtocolHandler ["http-nio-8080"]
2020-08-21 07:28:07,739 INFO org.springframework.boot.web.embedded.tomcat.TomcatWebServer [main] Tomcat started on port(s): 8080 (http) with context path ''
2020-08-21 07:28:07,742 INFO org.springframework.boot.StartupInfoLogger [main] Started StejsiWebAppApplication in 9.297 seconds (JVM running for 10.911)
2020-08-21 07:28:33,093 INFO org.apache.juli.logging.DirectJDKLog [http-nio-8080-exec-1] Initializing Spring DispatcherServlet 'dispatcherServlet'
2020-08-21 07:28:33,094 INFO org.springframework.web.servlet.FrameworkServlet [http-nio-8080-exec-1] Initializing Servlet 'dispatcherServlet'
2020-08-21 07:28:33,117 INFO org.springframework.web.servlet.FrameworkServlet [http-nio-8080-exec-1] Completed initialization in 23 ms
2020-08-21 07:28:33,187 INFO pl.mihome.stejsiWebApp.logic.PodopiecznyService [http-nio-8080-exec-1] Sprawdzanie dostępności adresu e-mail do rejestracji dla: mkozlowski@t
2020-08-21 07:28:33,881 INFO pl.mihome.stejsiWebApp.logic.PodopiecznyService [http-nio-8080-exec-2] Sprawdzanie dostępności adresu e-mail do rejestracji dla: mkozlowski@tl
2020-08-21 07:28:34,714 INFO pl.mihome.stejsiWebApp.logic.PodopiecznyService [http-nio-8080-exec-3] Sprawdzanie dostępności adresu e-mail do rejestracji dla: mkozlowski@tle
2020-08-21 07:28:35,482 INFO pl.mihome.stejsiWebApp.logic.PodopiecznyService [http-nio-8080-exec-4] Sprawdzanie dostępności adresu e-mail do rejestracji dla: mkozlowski@tlen
2020-08-21 07:28:36,430 INFO pl.mihome.stejsiWebApp.logic.PodopiecznyService [http-nio-8080-exec-5] Sprawdzanie dostępności adresu e-mail do rejestracji dla: mkozlowski@tlen.pl
2020-08-21 07:28:37,135 INFO pl.mihome.stejsiWebApp.logic.PodopiecznyService [http-nio-8080-exec-6] Sprawdzanie dostępności adresu e-mail do rejestracji dla: mkozlowski@tlen.pl
2020-08-21 07:29:07,746 INFO pl.mihome.stejsiWebApp.logic.ScheduledNotificationService [scheduling-1] Rozpoczynanie wysyłki powiadomień o nowych treningach z częstotliwością raz na 15 minut(y)
2020-08-21 07:30:07,714 INFO pl.mihome.stejsiWebApp.logic.ScheduledNotificationService [scheduling-1] Rozpoczynanie wysyłki powiadomień z prośbą o potwierdzenie obecności na treningu z częstotliwością raz na 30 minut(y)
2020-08-21 07:31:07,712 INFO pl.mihome.stejsiWebApp.logic.ScheduledNotificationService [scheduling-1] Rozpoczynanie wysyłki powiadomień ponaglających o konieczności potwierdzenia obecności z częstotliwością raz na 360 minut(y)
2020-08-21 07:40:38,277 INFO org.springframework.scheduling.concurrent.ExecutorConfigurationSupport [SpringContextShutdownHook] Shutting down ExecutorService 'taskScheduler'
2020-08-21 07:40:38,284 INFO org.springframework.scheduling.concurrent.ExecutorConfigurationSupport [SpringContextShutdownHook] Shutting down ExecutorService 'applicationTaskExecutor'
2020-08-21 07:40:38,294 INFO org.springframework.orm.jpa.AbstractEntityManagerFactoryBean [SpringContextShutdownHook] Closing JPA EntityManagerFactory for persistence unit 'default'
2020-08-21 07:40:38,329 INFO com.zaxxer.hikari.HikariDataSource [SpringContextShutdownHook] HikariPool-1 - Shutdown initiated...
2020-08-21 07:40:38,342 INFO com.zaxxer.hikari.HikariDataSource [SpringContextShutdownHook] HikariPool-1 - Shutdown completed.
2020-08-21 07:40:45,922 INFO org.springframework.boot.StartupInfoLogger [main] Starting StejsiWebAppApplication on macbookpro-milosz.home with PID 4600 (/Users/mkozlowski/Developer/Java/stejsiWebApp/target/classes started by mkozlowski in /Users/mkozlowski/Developer/Java/stejsiWebApp)
2020-08-21 07:40:45,926 INFO org.springframework.boot.SpringApplication [main] The following profiles are active: local
2020-08-21 07:40:47,546 INFO org.springframework.data.repository.config.RepositoryConfigurationDelegate [main] Bootstrapping Spring Data JPA repositories in DEFAULT mode.
2020-08-21 07:40:47,720 INFO org.springframework.data.repository.config.RepositoryConfigurationDelegate [main] Finished Spring Data repository scanning in 161ms. Found 10 JPA repository interfaces.
2020-08-21 07:40:48,232 INFO org.springframework.context.support.PostProcessorRegistrationDelegate$BeanPostProcessorChecker [main] Bean 'org.springframework.security.config.annotation.configuration.ObjectPostProcessorConfiguration' of type [org.springframework.security.config.annotation.configuration.ObjectPostProcessorConfiguration] is not eligible for getting processed by all BeanPostProcessors (for example: not eligible for auto-proxying)
2020-08-21 07:40:48,235 INFO org.springframework.context.support.PostProcessorRegistrationDelegate$BeanPostProcessorChecker [main] Bean 'objectPostProcessor' of type [org.springframework.security.config.annotation.configuration.AutowireBeanFactoryObjectPostProcessor] is not eligible for getting processed by all BeanPostProcessors (for example: not eligible for auto-proxying)
2020-08-21 07:40:48,238 INFO org.springframework.context.support.PostProcessorRegistrationDelegate$BeanPostProcessorChecker [main] Bean 'org.springframework.security.access.expression.method.DefaultMethodSecurityExpressionHandler@17b016ac' of type [org.springframework.security.access.expression.method.DefaultMethodSecurityExpressionHandler] is not eligible for getting processed by all BeanPostProcessors (for example: not eligible for auto-proxying)
2020-08-21 07:40:48,239 INFO org.springframework.context.support.PostProcessorRegistrationDelegate$BeanPostProcessorChecker [main] Bean 'org.springframework.security.config.annotation.method.configuration.GlobalMethodSecurityConfiguration' of type [org.springframework.security.config.annotation.method.configuration.GlobalMethodSecurityConfiguration] is not eligible for getting processed by all BeanPostProcessors (for example: not eligible for auto-proxying)
2020-08-21 07:40:48,244 INFO org.springframework.context.support.PostProcessorRegistrationDelegate$BeanPostProcessorChecker [main] Bean 'methodSecurityMetadataSource' of type [org.springframework.security.access.method.DelegatingMethodSecurityMetadataSource] is not eligible for getting processed by all BeanPostProcessors (for example: not eligible for auto-proxying)
2020-08-21 07:40:48,649 INFO org.springframework.boot.web.embedded.tomcat.TomcatWebServer [main] Tomcat initialized with port(s): 8080 (http)
2020-08-21 07:40:48,659 INFO org.apache.juli.logging.DirectJDKLog [main] Initializing ProtocolHandler ["http-nio-8080"]
2020-08-21 07:40:48,659 INFO org.apache.juli.logging.DirectJDKLog [main] Starting service [Tomcat]
2020-08-21 07:40:48,659 INFO org.apache.juli.logging.DirectJDKLog [main] Starting Servlet engine: [Apache Tomcat/9.0.33]
2020-08-21 07:40:48,787 INFO org.apache.juli.logging.DirectJDKLog [main] Initializing Spring embedded WebApplicationContext
2020-08-21 07:40:48,787 INFO org.springframework.boot.web.servlet.context.ServletWebServerApplicationContext [main] Root WebApplicationContext: initialization completed in 2800 ms
2020-08-21 07:40:48,901 WARN org.springframework.boot.autoconfigure.orm.jpa.JpaBaseConfiguration$JpaWebConfiguration [main] spring.jpa.open-in-view is enabled by default. Therefore, database queries may be performed during view rendering. Explicitly configure spring.jpa.open-in-view to disable this warning
2020-08-21 07:40:49,045 INFO org.flywaydb.core.internal.logging.slf4j.Slf4jLog [main] Flyway Community Edition 6.0.8 by Redgate
2020-08-21 07:40:49,053 INFO com.zaxxer.hikari.HikariDataSource [main] HikariPool-1 - Starting...
2020-08-21 07:40:49,260 INFO com.zaxxer.hikari.HikariDataSource [main] HikariPool-1 - Start completed.
2020-08-21 07:40:49,275 INFO org.flywaydb.core.internal.logging.slf4j.Slf4jLog [main] Database: jdbc:h2:file:/Users/mkozlowski/Developer/Java/stejsiWebApp/StejsiAppDB_mysql (H2 1.4)
2020-08-21 07:40:49,298 WARN org.flywaydb.core.internal.logging.slf4j.Slf4jLog [main] Flyway upgrade recommended: H2 1.4.200 is newer than this version of Flyway and support has not been tested. The latest supported version of H2 is 1.4.199.
2020-08-21 07:40:49,351 INFO org.flywaydb.core.internal.logging.slf4j.Slf4jLog [main] Successfully validated 22 migrations (execution time 00:00.042s)
2020-08-21 07:40:49,370 INFO org.flywaydb.core.internal.logging.slf4j.Slf4jLog [main] Current version of schema "public": 22
2020-08-21 07:40:49,371 INFO org.flywaydb.core.internal.logging.slf4j.Slf4jLog [main] Schema "public" is up to date. No migration necessary.
2020-08-21 07:40:49,492 INFO org.hibernate.jpa.internal.util.LogHelper [main] HHH000204: Processing PersistenceUnitInfo [name: default]
2020-08-21 07:40:49,589 INFO org.hibernate.Version [main] HHH000412: Hibernate ORM core version 5.4.12.Final
2020-08-21 07:40:49,756 INFO org.hibernate.annotations.common.reflection.java.JavaReflectionManager [main] HCANN000001: Hibernate Commons Annotations {5.1.0.Final}
2020-08-21 07:40:49,876 INFO org.hibernate.dialect.Dialect [main] HHH000400: Using dialect: org.hibernate.dialect.H2Dialect
2020-08-21 07:40:50,785 INFO org.hibernate.engine.transaction.jta.platform.internal.JtaPlatformInitiator [main] HHH000490: Using JtaPlatform implementation: [org.hibernate.engine.transaction.jta.platform.internal.NoJtaPlatform]
2020-08-21 07:40:50,792 INFO org.springframework.orm.jpa.AbstractEntityManagerFactoryBean [main] Initialized JPA EntityManagerFactory for persistence unit 'default'
2020-08-21 07:40:52,995 INFO pl.mihome.stejsiWebApp.logic.FirebaseCloudMessagingInit [main] Firebase application has been initialized
2020-08-21 07:40:53,436 INFO org.springframework.security.web.DefaultSecurityFilterChain [main] Creating filter chain: any request, [org.springframework.security.web.context.request.async.WebAsyncManagerIntegrationFilter@48463900, org.springframework.security.web.context.SecurityContextPersistenceFilter@70199db0, org.springframework.security.web.header.HeaderWriterFilter@1a557a52, org.springframework.security.web.csrf.CsrfFilter@242a3997, org.keycloak.adapters.springsecurity.filter.KeycloakPreAuthActionsFilter@24fc9aa5, org.keycloak.adapters.springsecurity.filter.KeycloakAuthenticationProcessingFilter@2f8b48c3, org.springframework.security.web.authentication.logout.LogoutFilter@487f025, org.springframework.security.web.savedrequest.RequestCacheAwareFilter@149fab7f, org.springframework.security.web.servletapi.SecurityContextHolderAwareRequestFilter@48900d4a, org.keycloak.adapters.springsecurity.filter.KeycloakSecurityContextRequestFilter@2d5435d4, org.keycloak.adapters.springsecurity.filter.KeycloakAuthenticatedActionsFilter@6dbdbb69, org.springframework.security.web.authentication.AnonymousAuthenticationFilter@5834298c, org.springframework.security.web.session.SessionManagementFilter@5f910283, org.springframework.security.web.access.ExceptionTranslationFilter@52b2713a, org.springframework.security.web.access.intercept.FilterSecurityInterceptor@5c883b3f]
2020-08-21 07:40:53,704 INFO org.springframework.scheduling.concurrent.ExecutorConfigurationSupport [main] Initializing ExecutorService 'applicationTaskExecutor'
2020-08-21 07:40:53,850 INFO org.springframework.boot.autoconfigure.web.servlet.WelcomePageHandlerMapping [main] Adding welcome page template: index
2020-08-21 07:40:54,311 INFO org.springframework.scheduling.concurrent.ExecutorConfigurationSupport [main] Initializing ExecutorService 'taskScheduler'
2020-08-21 07:40:54,380 INFO org.apache.juli.logging.DirectJDKLog [main] Starting ProtocolHandler ["http-nio-8080"]
2020-08-21 07:40:54,451 INFO org.springframework.boot.web.embedded.tomcat.TomcatWebServer [main] Tomcat started on port(s): 8080 (http) with context path ''
2020-08-21 07:40:54,456 INFO org.springframework.boot.StartupInfoLogger [main] Started StejsiWebAppApplication in 9.445 seconds (JVM running for 10.513)
2020-08-21 07:41:11,154 INFO org.apache.juli.logging.DirectJDKLog [http-nio-8080-exec-1] Initializing Spring DispatcherServlet 'dispatcherServlet'
2020-08-21 07:41:11,156 INFO org.springframework.web.servlet.FrameworkServlet [http-nio-8080-exec-1] Initializing Servlet 'dispatcherServlet'
2020-08-21 07:41:11,217 INFO org.springframework.web.servlet.FrameworkServlet [http-nio-8080-exec-1] Completed initialization in 54 ms
2020-08-21 07:41:11,503 INFO pl.mihome.stejsiWebApp.logic.PodopiecznyService [http-nio-8080-exec-1] Sprawdzanie dostępności adresu e-mail do rejestracji dla: test@test.com
2020-08-21 07:41:54,406 INFO pl.mihome.stejsiWebApp.logic.ScheduledNotificationService [scheduling-1] Rozpoczynanie wysyłki powiadomień o nowych treningach z częstotliwością raz na 15 minut(y)
2020-08-21 07:43:05,808 INFO pl.mihome.stejsiWebApp.logic.ScheduledNotificationService [scheduling-1] Rozpoczynanie wysyłki powiadomień z prośbą o potwierdzenie obecności na treningu z częstotliwością raz na 30 minut(y)
2020-08-21 07:47:34,683 WARN com.zaxxer.hikari.pool.HikariPool$HouseKeeper [HikariPool-1 housekeeper] HikariPool-1 - Thread starvation or clock leap detected (housekeeper delta=4m33s533ms).
2020-08-21 07:48:09,310 INFO pl.mihome.stejsiWebApp.logic.ScheduledNotificationService [scheduling-1] Rozpoczynanie wysyłki powiadomień ponaglających o konieczności potwierdzenia obecności z częstotliwością raz na 360 minut(y)
2020-08-21 07:58:33,618 WARN com.zaxxer.hikari.pool.HikariPool$HouseKeeper [HikariPool-1 housekeeper] HikariPool-1 - Thread starvation or clock leap detected (housekeeper delta=10m28s923ms).
2020-08-21 08:00:08,114 INFO pl.mihome.stejsiWebApp.logic.PodopiecznyService [http-nio-8080-exec-3] Sprawdzanie dostępności adresu e-mail do rejestracji dla: mkozlowski@tlen.pl
2020-08-21 08:00:09,120 INFO pl.mihome.stejsiWebApp.logic.PodopiecznyService [http-nio-8080-exec-5] Sprawdzanie dostępności adresu e-mail do rejestracji dla: mkozlowski@tlen.pl
2020-08-21 08:03:15,021 INFO pl.mihome.stejsiWebApp.logic.PodopiecznyService [http-nio-8080-exec-8] Sprawdzanie dostępności adresu e-mail do rejestracji dla: mkozlowski@tlen.pl
2020-08-21 08:03:15,087 INFO pl.mihome.stejsiWebApp.logic.PodopiecznyService [http-nio-8080-exec-9] Sprawdzanie dostępności adresu e-mail do rejestracji dla: mkozlowski@tlen.pl
2020-08-21 08:06:35,793 INFO pl.mihome.stejsiWebApp.logic.PodopiecznyService [http-nio-8080-exec-2] Sprawdzanie dostępności adresu e-mail do rejestracji dla: mkozlowski@tlen.pl
2020-08-21 08:07:06,915 INFO pl.mihome.stejsiWebApp.logic.PodopiecznyService [http-nio-8080-exec-1] Sprawdzanie dostępności adresu e-mail do rejestracji dla: mkozlowski@tlen.pl
2020-08-21 08:07:21,918 INFO pl.mihome.stejsiWebApp.logic.PodopiecznyService [http-nio-8080-exec-4] Sprawdzanie dostępności adresu e-mail do rejestracji dla: mkozlowski@tlen.pl
2020-08-21 08:07:21,954 INFO pl.mihome.stejsiWebApp.logic.PodopiecznyService [http-nio-8080-exec-3] Sprawdzanie dostępności adresu e-mail do rejestracji dla: mkozlowski@tlen.pl
2020-08-21 08:08:50,078 INFO pl.mihome.stejsiWebApp.logic.PodopiecznyService [http-nio-8080-exec-6] Sprawdzanie dostępności adresu e-mail do rejestracji dla: mkozlowski@tlen.pl
2020-08-21 08:08:50,368 INFO pl.mihome.stejsiWebApp.logic.PodopiecznyService [http-nio-8080-exec-7] Sprawdzanie dostępności adresu e-mail do rejestracji dla: mkozlowski@tlen.pl
2020-08-21 08:09:02,999 INFO pl.mihome.stejsiWebApp.logic.PodopiecznyService [http-nio-8080-exec-8] Sprawdzanie dostępności adresu e-mail do rejestracji dla: mkozlowski@tlen.p
2020-08-21 08:09:13,729 INFO pl.mihome.stejsiWebApp.logic.PodopiecznyService [http-nio-8080-exec-9] Sprawdzanie dostępności adresu e-mail do rejestracji dla: mkozlowski@tlen
2020-08-21 08:09:44,235 INFO pl.mihome.stejsiWebApp.logic.PodopiecznyService [http-nio-8080-exec-10] Sprawdzanie dostępności adresu e-mail do rejestracji dla: mkozlowski@tlen.pl
2020-08-21 08:09:57,014 INFO pl.mihome.stejsiWebApp.logic.PodopiecznyService [http-nio-8080-exec-2] Sprawdzanie dostępności adresu e-mail do rejestracji dla: mkozlowski@tlen.pl
2020-08-21 08:10:02,784 INFO pl.mihome.stejsiWebApp.logic.PodopiecznyService [http-nio-8080-exec-1] Sprawdzanie dostępności adresu e-mail do rejestracji dla: mkozlowski@tlen.p
2020-08-21 08:10:31,200 INFO pl.mihome.stejsiWebApp.logic.PodopiecznyService [http-nio-8080-exec-4] Sprawdzanie dostępności adresu e-mail do rejestracji dla: mkozlowski@tlen.pl
2020-08-21 08:10:45,311 INFO pl.mihome.stejsiWebApp.logic.PodopiecznyService [http-nio-8080-exec-5] Sprawdzanie dostępności adresu e-mail do rejestracji dla: mkozlowski@tlen.pl
2020-08-21 08:11:08,332 INFO pl.mihome.stejsiWebApp.logic.ScheduledNotificationService [scheduling-1] Rozpoczynanie wysyłki powiadomień o nowych treningach z częstotliwością raz na 15 minut(y)
2020-08-21 08:13:38,017 WARN com.zaxxer.hikari.pool.HikariPool$HouseKeeper [HikariPool-1 housekeeper] HikariPool-1 - Thread starvation or clock leap detected (housekeeper delta=2m4s302ms).
2020-08-21 10:48:39,773 WARN com.zaxxer.hikari.pool.HikariPool$HouseKeeper [HikariPool-1 housekeeper] HikariPool-1 - Thread starvation or clock leap detected (housekeeper delta=2h34m31s722ms).
2020-08-21 14:49:06,468 WARN com.zaxxer.hikari.pool.HikariPool$HouseKeeper [HikariPool-1 housekeeper] HikariPool-1 - Thread starvation or clock leap detected (housekeeper delta=4h26s695ms).
2020-08-21 19:00:23,339 WARN com.zaxxer.hikari.pool.HikariPool$HouseKeeper [HikariPool-1 housekeeper] HikariPool-1 - Thread starvation or clock leap detected (housekeeper delta=4h11m16s716ms).
2020-08-21 20:49:30,636 WARN com.zaxxer.hikari.pool.HikariPool$HouseKeeper [HikariPool-1 housekeeper] HikariPool-1 - Thread starvation or clock leap detected (housekeeper delta=1h49m7s417ms).
2020-08-21 21:19:27,938 WARN com.zaxxer.hikari.pool.HikariPool$HouseKeeper [HikariPool-1 housekeeper] HikariPool-1 - Thread starvation or clock leap detected (housekeeper delta=29m57s284ms).
2020-08-21 22:04:35,410 WARN com.zaxxer.hikari.pool.HikariPool$HouseKeeper [HikariPool-1 housekeeper] HikariPool-1 - Thread starvation or clock leap detected (housekeeper delta=45m7s497ms).
2020-08-21 22:49:42,453 WARN com.zaxxer.hikari.pool.HikariPool$HouseKeeper [HikariPool-1 housekeeper] HikariPool-1 - Thread starvation or clock leap detected (housekeeper delta=45m7s65ms).
