2020-09-02 01:36:02,424 WARN com.zaxxer.hikari.pool.HikariPool$HouseKeeper [HikariPool-1 housekeeper] HikariPool-1 - Thread starvation or clock leap detected (housekeeper delta=2h27s749ms).
2020-09-02 01:41:37,738 WARN com.zaxxer.hikari.pool.HikariPool$HouseKeeper [HikariPool-1 housekeeper] HikariPool-1 - Thread starvation or clock leap detected (housekeeper delta=4m5s129ms).
2020-09-02 02:14:02,293 WARN com.zaxxer.hikari.pool.HikariPool$HouseKeeper [HikariPool-1 housekeeper] HikariPool-1 - Thread starvation or clock leap detected (housekeeper delta=31m54s545ms).
2020-09-02 04:14:59,258 WARN com.zaxxer.hikari.pool.HikariPool$HouseKeeper [HikariPool-1 housekeeper] HikariPool-1 - Thread starvation or clock leap detected (housekeeper delta=2h26s955ms).
2020-09-02 06:15:56,722 WARN com.zaxxer.hikari.pool.HikariPool$HouseKeeper [HikariPool-1 housekeeper] HikariPool-1 - Thread starvation or clock leap detected (housekeeper delta=2h27s434ms).
2020-09-02 08:16:54,187 WARN com.zaxxer.hikari.pool.HikariPool$HouseKeeper [HikariPool-1 housekeeper] HikariPool-1 - Thread starvation or clock leap detected (housekeeper delta=2h27s450ms).
2020-09-02 08:18:24,505 INFO pl.mihome.stejsiWebApp.logic.ScheduledNotificationService [scheduling-1] Rozpoczynanie wysyłki powiadomień o nowych treningach z częstotliwością raz na 15 minut(y)
2020-09-02 08:45:00,733 WARN com.zaxxer.hikari.pool.HikariPool$HouseKeeper [HikariPool-1 housekeeper] HikariPool-1 - Thread starvation or clock leap detected (housekeeper delta=23m29s16ms).
2020-09-02 08:56:29,362 INFO pl.mihome.stejsiWebApp.logic.ScheduledNotificationService [scheduling-1] Rozpoczynanie wysyłki powiadomień o nowych treningach z częstotliwością raz na 15 minut(y)
2020-09-02 08:57:26,856 INFO pl.mihome.stejsiWebApp.logic.ScheduledNotificationService [scheduling-1] Rozpoczynanie wysyłki powiadomień z prośbą o potwierdzenie obecności na treningu z częstotliwością raz na 30 minut(y)
2020-09-02 09:11:29,407 INFO pl.mihome.stejsiWebApp.logic.ScheduledNotificationService [scheduling-1] Rozpoczynanie wysyłki powiadomień o nowych treningach z częstotliwością raz na 15 minut(y)
2020-09-02 09:26:29,438 INFO pl.mihome.stejsiWebApp.logic.ScheduledNotificationService [scheduling-1] Rozpoczynanie wysyłki powiadomień o nowych treningach z częstotliwością raz na 15 minut(y)
2020-09-02 09:27:26,861 INFO pl.mihome.stejsiWebApp.logic.ScheduledNotificationService [scheduling-1] Rozpoczynanie wysyłki powiadomień z prośbą o potwierdzenie obecności na treningu z częstotliwością raz na 30 minut(y)
2020-09-02 09:41:29,469 INFO pl.mihome.stejsiWebApp.logic.ScheduledNotificationService [scheduling-1] Rozpoczynanie wysyłki powiadomień o nowych treningach z częstotliwością raz na 15 minut(y)
2020-09-02 09:56:29,486 INFO pl.mihome.stejsiWebApp.logic.ScheduledNotificationService [scheduling-1] Rozpoczynanie wysyłki powiadomień o nowych treningach z częstotliwością raz na 15 minut(y)
2020-09-02 09:57:26,866 INFO pl.mihome.stejsiWebApp.logic.ScheduledNotificationService [scheduling-1] Rozpoczynanie wysyłki powiadomień z prośbą o potwierdzenie obecności na treningu z częstotliwością raz na 30 minut(y)
2020-09-02 10:11:29,519 INFO pl.mihome.stejsiWebApp.logic.ScheduledNotificationService [scheduling-1] Rozpoczynanie wysyłki powiadomień o nowych treningach z częstotliwością raz na 15 minut(y)
2020-09-02 10:26:29,618 INFO pl.mihome.stejsiWebApp.logic.ScheduledNotificationService [scheduling-1] Rozpoczynanie wysyłki powiadomień o nowych treningach z częstotliwością raz na 15 minut(y)
2020-09-02 10:27:26,869 INFO pl.mihome.stejsiWebApp.logic.ScheduledNotificationService [scheduling-1] Rozpoczynanie wysyłki powiadomień z prośbą o potwierdzenie obecności na treningu z częstotliwością raz na 30 minut(y)
2020-09-02 10:41:29,640 INFO pl.mihome.stejsiWebApp.logic.ScheduledNotificationService [scheduling-1] Rozpoczynanie wysyłki powiadomień o nowych treningach z częstotliwością raz na 15 minut(y)
2020-09-02 10:55:26,386 INFO pl.mihome.stejsiWebApp.logic.PodopiecznyService [http-nio-8080-exec-4] Zwracanie slice podopiecznych - strona 0
2020-09-02 10:55:26,385 INFO pl.mihome.stejsiWebApp.logic.PodopiecznyService [http-nio-8080-exec-5] Pobieranie danych użytkownika id: 1
2020-09-02 10:56:29,665 INFO pl.mihome.stejsiWebApp.logic.ScheduledNotificationService [scheduling-1] Rozpoczynanie wysyłki powiadomień o nowych treningach z częstotliwością raz na 15 minut(y)
2020-09-02 10:57:26,881 INFO pl.mihome.stejsiWebApp.logic.ScheduledNotificationService [scheduling-1] Rozpoczynanie wysyłki powiadomień z prośbą o potwierdzenie obecności na treningu z częstotliwością raz na 30 minut(y)
2020-09-02 10:58:24,037 INFO pl.mihome.stejsiWebApp.logic.PodopiecznyService [http-nio-8080-exec-3] Pobieranie danych użytkownika id: 1
2020-09-02 10:58:24,042 INFO pl.mihome.stejsiWebApp.logic.PodopiecznyService [http-nio-8080-exec-10] Zwracanie slice podopiecznych - strona 0
2020-09-02 10:58:52,146 INFO pl.mihome.stejsiWebApp.logic.PodopiecznyService [http-nio-8080-exec-2] Zwracanie slice podopiecznych - strona 0
2020-09-02 10:58:52,151 INFO pl.mihome.stejsiWebApp.logic.PodopiecznyService [http-nio-8080-exec-6] Pobieranie danych użytkownika id: 1
2020-09-02 11:00:01,374 INFO pl.mihome.stejsiWebApp.logic.PodopiecznyService [http-nio-8080-exec-5] Zwracanie slice podopiecznych - strona 0
2020-09-02 11:00:01,366 INFO pl.mihome.stejsiWebApp.logic.PodopiecznyService [http-nio-8080-exec-4] Pobieranie danych użytkownika id: 1
2020-09-02 11:00:56,035 INFO pl.mihome.stejsiWebApp.logic.PodopiecznyService [http-nio-8080-exec-3] Zwracanie slice podopiecznych - strona 0
2020-09-02 11:00:56,080 INFO pl.mihome.stejsiWebApp.logic.PodopiecznyService [http-nio-8080-exec-10] Pobieranie danych użytkownika id: 1
2020-09-02 11:02:57,227 INFO pl.mihome.stejsiWebApp.logic.PodopiecznyService [http-nio-8080-exec-8] Zwracanie slice podopiecznych - strona 0
2020-09-02 11:02:57,274 INFO pl.mihome.stejsiWebApp.logic.PodopiecznyService [http-nio-8080-exec-7] Pobieranie danych użytkownika id: 1
2020-09-02 11:05:03,800 INFO pl.mihome.stejsiWebApp.logic.PodopiecznyService [http-nio-8080-exec-9] Zwracanie slice podopiecznych - strona 0
2020-09-02 11:05:03,800 INFO pl.mihome.stejsiWebApp.logic.PodopiecznyService [http-nio-8080-exec-1] Pobieranie danych użytkownika id: 1
2020-09-02 11:05:13,785 INFO pl.mihome.stejsiWebApp.logic.PodopiecznyService [http-nio-8080-exec-10] Zwracanie slice podopiecznych - strona 0
2020-09-02 11:05:13,836 INFO pl.mihome.stejsiWebApp.logic.PodopiecznyService [http-nio-8080-exec-3] Pobieranie danych użytkownika id: 1
2020-09-02 11:06:44,878 INFO pl.mihome.stejsiWebApp.logic.PodopiecznyService [http-nio-8080-exec-7] Zwracanie slice podopiecznych - strona 0
2020-09-02 11:06:44,868 INFO pl.mihome.stejsiWebApp.logic.PodopiecznyService [http-nio-8080-exec-8] Pobieranie danych użytkownika id: 1
2020-09-02 11:07:34,171 INFO pl.mihome.stejsiWebApp.logic.PodopiecznyService [http-nio-8080-exec-4] Zwracanie slice podopiecznych - strona 0
2020-09-02 11:07:34,189 INFO pl.mihome.stejsiWebApp.logic.PodopiecznyService [http-nio-8080-exec-5] Pobieranie danych użytkownika id: 1
2020-09-02 11:08:03,803 INFO pl.mihome.stejsiWebApp.logic.PodopiecznyService [http-nio-8080-exec-9] Pobieranie danych użytkownika id: 1
2020-09-02 11:08:03,807 INFO pl.mihome.stejsiWebApp.logic.PodopiecznyService [http-nio-8080-exec-1] Zwracanie slice podopiecznych - strona 0
2020-09-02 11:08:21,463 INFO pl.mihome.stejsiWebApp.logic.PodopiecznyService [http-nio-8080-exec-3] Zwracanie slice podopiecznych - strona 0
2020-09-02 11:08:21,506 INFO pl.mihome.stejsiWebApp.logic.PodopiecznyService [http-nio-8080-exec-10] Pobieranie danych użytkownika id: 1
2020-09-02 11:08:57,372 INFO pl.mihome.stejsiWebApp.logic.PodopiecznyService [http-nio-8080-exec-2] Zwracanie slice podopiecznych - strona 0
2020-09-02 11:08:57,378 INFO pl.mihome.stejsiWebApp.logic.PodopiecznyService [http-nio-8080-exec-6] Pobieranie danych użytkownika id: 1
2020-09-02 11:09:37,711 INFO pl.mihome.stejsiWebApp.logic.PodopiecznyService [http-nio-8080-exec-8] Zwracanie slice podopiecznych - strona 0
2020-09-02 11:09:37,718 INFO pl.mihome.stejsiWebApp.logic.PodopiecznyService [http-nio-8080-exec-7] Pobieranie danych użytkownika id: 1
2020-09-02 11:10:01,113 INFO pl.mihome.stejsiWebApp.logic.PodopiecznyService [http-nio-8080-exec-5] Zwracanie slice podopiecznych - strona 0
2020-09-02 11:10:01,118 INFO pl.mihome.stejsiWebApp.logic.PodopiecznyService [http-nio-8080-exec-4] Pobieranie danych użytkownika id: 1
2020-09-02 11:10:26,905 INFO pl.mihome.stejsiWebApp.logic.PodopiecznyService [http-nio-8080-exec-9] Zwracanie slice podopiecznych - strona 0
2020-09-02 11:10:26,920 INFO pl.mihome.stejsiWebApp.logic.PodopiecznyService [http-nio-8080-exec-1] Pobieranie danych użytkownika id: 1
2020-09-02 11:11:29,723 INFO pl.mihome.stejsiWebApp.logic.ScheduledNotificationService [scheduling-1] Rozpoczynanie wysyłki powiadomień o nowych treningach z częstotliwością raz na 15 minut(y)
2020-09-02 11:12:18,046 INFO pl.mihome.stejsiWebApp.logic.PodopiecznyService [http-nio-8080-exec-6] Zwracanie slice podopiecznych - strona 0
2020-09-02 11:13:12,321 INFO pl.mihome.stejsiWebApp.logic.PodopiecznyService [http-nio-8080-exec-7] Zwracanie slice podopiecznych - strona 0
2020-09-02 11:13:12,304 INFO pl.mihome.stejsiWebApp.logic.PodopiecznyService [http-nio-8080-exec-8] Pobieranie danych użytkownika id: 1
2020-09-02 11:13:45,863 INFO pl.mihome.stejsiWebApp.logic.PodopiecznyService [http-nio-8080-exec-4] Zwracanie slice podopiecznych - strona 0
2020-09-02 11:13:45,955 INFO pl.mihome.stejsiWebApp.logic.PodopiecznyService [http-nio-8080-exec-5] Pobieranie danych użytkownika id: 1
2020-09-02 11:14:00,723 INFO pl.mihome.stejsiWebApp.logic.PodopiecznyService [http-nio-8080-exec-1] Zwracanie slice podopiecznych - strona 0
2020-09-02 11:14:00,729 INFO pl.mihome.stejsiWebApp.logic.PodopiecznyService [http-nio-8080-exec-9] Pobieranie danych użytkownika id: 1
2020-09-02 11:14:01,058 INFO pl.mihome.stejsiWebApp.logic.PodopiecznyService [http-nio-8080-exec-3] Zwracanie slice podopiecznych - strona 0
2020-09-02 11:14:01,071 INFO pl.mihome.stejsiWebApp.logic.PodopiecznyService [http-nio-8080-exec-10] Pobieranie danych użytkownika id: 1
2020-09-02 11:14:30,190 INFO pl.mihome.stejsiWebApp.logic.PodopiecznyService [http-nio-8080-exec-2] Pobieranie danych użytkownika id: 1
2020-09-02 11:14:30,192 INFO pl.mihome.stejsiWebApp.logic.PodopiecznyService [http-nio-8080-exec-6] Zwracanie slice podopiecznych - strona 0
2020-09-02 11:14:30,712 INFO pl.mihome.stejsiWebApp.logic.PodopiecznyService [http-nio-8080-exec-8] Zwracanie slice podopiecznych - strona 0
2020-09-02 11:14:30,722 INFO pl.mihome.stejsiWebApp.logic.PodopiecznyService [http-nio-8080-exec-7] Pobieranie danych użytkownika id: 1
2020-09-02 11:14:55,135 INFO pl.mihome.stejsiWebApp.logic.PodopiecznyService [http-nio-8080-exec-5] Zwracanie slice podopiecznych - strona 0
2020-09-02 11:14:55,144 INFO pl.mihome.stejsiWebApp.logic.PodopiecznyService [http-nio-8080-exec-4] Pobieranie danych użytkownika id: 1
2020-09-02 11:14:58,155 INFO pl.mihome.stejsiWebApp.logic.PodopiecznyService [http-nio-8080-exec-9] Zwracanie slice podopiecznych - strona 0
2020-09-02 11:14:58,161 INFO pl.mihome.stejsiWebApp.logic.PodopiecznyService [http-nio-8080-exec-1] Pobieranie danych użytkownika id: 1
2020-09-02 11:16:44,755 INFO pl.mihome.stejsiWebApp.logic.PodopiecznyService [http-nio-8080-exec-7] Zwracanie slice podopiecznych - strona 0
2020-09-02 11:16:44,757 INFO pl.mihome.stejsiWebApp.logic.PodopiecznyService [http-nio-8080-exec-8] Pobieranie danych użytkownika id: 1
2020-09-02 11:17:21,273 INFO pl.mihome.stejsiWebApp.logic.PodopiecznyService [http-nio-8080-exec-4] Zwracanie slice podopiecznych - strona 0
2020-09-02 11:17:21,278 INFO pl.mihome.stejsiWebApp.logic.PodopiecznyService [http-nio-8080-exec-5] Pobieranie danych użytkownika id: 1
2020-09-02 11:17:40,505 INFO pl.mihome.stejsiWebApp.logic.PodopiecznyService [http-nio-8080-exec-9] Pobieranie danych użytkownika id: 1
2020-09-02 11:17:40,501 INFO pl.mihome.stejsiWebApp.logic.PodopiecznyService [http-nio-8080-exec-1] Zwracanie slice podopiecznych - strona 0
2020-09-02 11:18:03,076 INFO pl.mihome.stejsiWebApp.logic.PodopiecznyService [http-nio-8080-exec-10] Zwracanie slice podopiecznych - strona 0
2020-09-02 11:18:03,085 INFO pl.mihome.stejsiWebApp.logic.PodopiecznyService [http-nio-8080-exec-3] Pobieranie danych użytkownika id: 1
2020-09-02 11:18:07,756 INFO pl.mihome.stejsiWebApp.logic.PodopiecznyService [http-nio-8080-exec-6] Zwracanie slice podopiecznych - strona 0
2020-09-02 11:18:07,763 INFO pl.mihome.stejsiWebApp.logic.PodopiecznyService [http-nio-8080-exec-2] Pobieranie danych użytkownika id: 1
2020-09-02 11:18:40,435 INFO pl.mihome.stejsiWebApp.logic.PodopiecznyService [http-nio-8080-exec-4] Zwracanie slice podopiecznych - strona 0
2020-09-02 11:18:40,440 INFO pl.mihome.stejsiWebApp.logic.PodopiecznyService [http-nio-8080-exec-5] Pobieranie danych użytkownika id: 1
2020-09-02 11:18:41,089 INFO pl.mihome.stejsiWebApp.logic.PodopiecznyService [http-nio-8080-exec-9] Zwracanie slice podopiecznych - strona 0
2020-09-02 11:18:41,118 INFO pl.mihome.stejsiWebApp.logic.PodopiecznyService [http-nio-8080-exec-1] Pobieranie danych użytkownika id: 1
2020-09-02 11:18:53,765 INFO pl.mihome.stejsiWebApp.logic.PodopiecznyService [http-nio-8080-exec-3] Zwracanie slice podopiecznych - strona 0
2020-09-02 11:18:53,768 INFO pl.mihome.stejsiWebApp.logic.PodopiecznyService [http-nio-8080-exec-10] Pobieranie danych użytkownika id: 1
2020-09-02 11:19:14,166 INFO pl.mihome.stejsiWebApp.logic.PodopiecznyService [http-nio-8080-exec-7] Zwracanie slice podopiecznych - strona 0
2020-09-02 11:19:14,173 INFO pl.mihome.stejsiWebApp.logic.PodopiecznyService [http-nio-8080-exec-8] Pobieranie danych użytkownika id: 1
2020-09-02 11:19:14,576 INFO pl.mihome.stejsiWebApp.logic.PodopiecznyService [http-nio-8080-exec-5] Zwracanie slice podopiecznych - strona 0
2020-09-02 11:19:14,598 INFO pl.mihome.stejsiWebApp.logic.PodopiecznyService [http-nio-8080-exec-4] Pobieranie danych użytkownika id: 1
2020-09-02 11:20:27,759 INFO pl.mihome.stejsiWebApp.logic.PodopiecznyService [http-nio-8080-exec-6] Pobieranie danych użytkownika id: 1
2020-09-02 11:20:27,760 INFO pl.mihome.stejsiWebApp.logic.PodopiecznyService [http-nio-8080-exec-2] Zwracanie slice podopiecznych - strona 0
2020-09-02 11:20:28,334 INFO pl.mihome.stejsiWebApp.logic.PodopiecznyService [http-nio-8080-exec-8] Zwracanie slice podopiecznych - strona 0
2020-09-02 11:20:28,344 INFO pl.mihome.stejsiWebApp.logic.PodopiecznyService [http-nio-8080-exec-7] Pobieranie danych użytkownika id: 1
2020-09-02 11:25:20,547 INFO pl.mihome.stejsiWebApp.logic.PodopiecznyService [http-nio-8080-exec-10] Zwracanie slice podopiecznych - strona 0
2020-09-02 11:25:20,551 INFO pl.mihome.stejsiWebApp.logic.PodopiecznyService [http-nio-8080-exec-3] Pobieranie danych użytkownika id: 1
2020-09-02 11:26:29,759 INFO pl.mihome.stejsiWebApp.logic.ScheduledNotificationService [scheduling-1] Rozpoczynanie wysyłki powiadomień o nowych treningach z częstotliwością raz na 15 minut(y)
2020-09-02 11:27:26,895 INFO pl.mihome.stejsiWebApp.logic.ScheduledNotificationService [scheduling-1] Rozpoczynanie wysyłki powiadomień z prośbą o potwierdzenie obecności na treningu z częstotliwością raz na 30 minut(y)
2020-09-02 11:29:06,208 INFO pl.mihome.stejsiWebApp.logic.PodopiecznyService [http-nio-8080-exec-8] Pobieranie danych użytkownika id: 1
2020-09-02 11:29:06,209 INFO pl.mihome.stejsiWebApp.logic.PodopiecznyService [http-nio-8080-exec-7] Zwracanie slice podopiecznych - strona 0
2020-09-02 11:29:32,891 INFO pl.mihome.stejsiWebApp.logic.PodopiecznyService [http-nio-8080-exec-4] Zwracanie slice podopiecznych - strona 0
2020-09-02 11:29:32,896 INFO pl.mihome.stejsiWebApp.logic.PodopiecznyService [http-nio-8080-exec-5] Pobieranie danych użytkownika id: 1
2020-09-02 11:29:59,293 INFO pl.mihome.stejsiWebApp.logic.PodopiecznyService [http-nio-8080-exec-9] Zwracanie slice podopiecznych - strona 0
2020-09-02 11:29:59,296 INFO pl.mihome.stejsiWebApp.logic.PodopiecznyService [http-nio-8080-exec-1] Pobieranie danych użytkownika id: 1
2020-09-02 11:31:39,577 INFO pl.mihome.stejsiWebApp.logic.PodopiecznyService [http-nio-8080-exec-7] Pobieranie danych użytkownika id: 1
2020-09-02 11:31:39,578 INFO pl.mihome.stejsiWebApp.logic.PodopiecznyService [http-nio-8080-exec-8] Zwracanie slice podopiecznych - strona 0
2020-09-02 11:31:49,370 INFO pl.mihome.stejsiWebApp.logic.PodopiecznyService [http-nio-8080-exec-5] Zwracanie slice podopiecznych - strona 0
2020-09-02 11:31:49,375 INFO pl.mihome.stejsiWebApp.logic.PodopiecznyService [http-nio-8080-exec-4] Pobieranie danych użytkownika id: 1
2020-09-02 11:32:24,429 INFO pl.mihome.stejsiWebApp.logic.PodopiecznyService [http-nio-8080-exec-3] Zwracanie slice podopiecznych - strona 0
2020-09-02 11:32:24,431 INFO pl.mihome.stejsiWebApp.logic.PodopiecznyService [http-nio-8080-exec-10] Pobieranie danych użytkownika id: 1
2020-09-02 11:32:24,887 INFO pl.mihome.stejsiWebApp.logic.PodopiecznyService [http-nio-8080-exec-6] Zwracanie slice podopiecznych - strona 0
2020-09-02 11:32:24,897 INFO pl.mihome.stejsiWebApp.logic.PodopiecznyService [http-nio-8080-exec-2] Pobieranie danych użytkownika id: 1
2020-09-02 11:32:36,887 INFO pl.mihome.stejsiWebApp.logic.PodopiecznyService [http-nio-8080-exec-7] Zwracanie slice podopiecznych - strona 0
2020-09-02 11:32:36,892 INFO pl.mihome.stejsiWebApp.logic.PodopiecznyService [http-nio-8080-exec-8] Pobieranie danych użytkownika id: 1
2020-09-02 11:32:42,822 INFO pl.mihome.stejsiWebApp.logic.PodopiecznyService [http-nio-8080-exec-4] Zwracanie slice podopiecznych - strona 0
2020-09-02 11:32:42,828 INFO pl.mihome.stejsiWebApp.logic.PodopiecznyService [http-nio-8080-exec-5] Pobieranie danych użytkownika id: 1
2020-09-02 11:33:12,361 INFO pl.mihome.stejsiWebApp.logic.PodopiecznyService [http-nio-8080-exec-10] Zwracanie slice podopiecznych - strona 0
2020-09-02 11:33:12,386 INFO pl.mihome.stejsiWebApp.logic.PodopiecznyService [http-nio-8080-exec-3] Pobieranie danych użytkownika id: 1
2020-09-02 11:33:43,035 INFO pl.mihome.stejsiWebApp.logic.PodopiecznyService [http-nio-8080-exec-8] Zwracanie slice podopiecznych - strona 0
2020-09-02 11:33:43,038 INFO pl.mihome.stejsiWebApp.logic.PodopiecznyService [http-nio-8080-exec-7] Pobieranie danych użytkownika id: 1
2020-09-02 11:34:27,131 INFO pl.mihome.stejsiWebApp.logic.PodopiecznyService [http-nio-8080-exec-3] Zwracanie slice podopiecznych - strona 0
2020-09-02 11:34:27,144 INFO pl.mihome.stejsiWebApp.logic.PodopiecznyService [http-nio-8080-exec-10] Pobieranie danych użytkownika id: 1
2020-09-02 11:34:51,901 INFO pl.mihome.stejsiWebApp.logic.PodopiecznyService [http-nio-8080-exec-6] Zwracanie slice podopiecznych - strona 0
2020-09-02 11:34:51,946 INFO pl.mihome.stejsiWebApp.logic.PodopiecznyService [http-nio-8080-exec-2] Pobieranie danych użytkownika id: 1
2020-09-02 11:35:05,150 INFO pl.mihome.stejsiWebApp.logic.PodopiecznyService [http-nio-8080-exec-7] Zwracanie slice podopiecznych - strona 0
2020-09-02 11:35:05,150 INFO pl.mihome.stejsiWebApp.logic.PodopiecznyService [http-nio-8080-exec-8] Pobieranie danych użytkownika id: 1
2020-09-02 11:35:17,751 INFO pl.mihome.stejsiWebApp.logic.PodopiecznyService [http-nio-8080-exec-4] Zwracanie slice podopiecznych - strona 0
2020-09-02 11:35:17,757 INFO pl.mihome.stejsiWebApp.logic.PodopiecznyService [http-nio-8080-exec-5] Pobieranie danych użytkownika id: 1
2020-09-02 11:35:18,111 INFO pl.mihome.stejsiWebApp.logic.PodopiecznyService [http-nio-8080-exec-9] Zwracanie slice podopiecznych - strona 0
2020-09-02 11:35:18,121 INFO pl.mihome.stejsiWebApp.logic.PodopiecznyService [http-nio-8080-exec-1] Pobieranie danych użytkownika id: 1
2020-09-02 11:35:24,746 INFO pl.mihome.stejsiWebApp.logic.PodopiecznyService [http-nio-8080-exec-10] Zwracanie slice podopiecznych - strona 0
2020-09-02 11:35:24,753 INFO pl.mihome.stejsiWebApp.logic.PodopiecznyService [http-nio-8080-exec-3] Pobieranie danych użytkownika id: 1
2020-09-02 11:35:25,007 INFO pl.mihome.stejsiWebApp.logic.PodopiecznyService [http-nio-8080-exec-2] Zwracanie slice podopiecznych - strona 0
2020-09-02 11:35:25,023 INFO pl.mihome.stejsiWebApp.logic.PodopiecznyService [http-nio-8080-exec-6] Pobieranie danych użytkownika id: 1
2020-09-02 11:35:39,195 INFO pl.mihome.stejsiWebApp.logic.PodopiecznyService [http-nio-8080-exec-8] Zwracanie slice podopiecznych - strona 0
2020-09-02 11:35:39,213 INFO pl.mihome.stejsiWebApp.logic.PodopiecznyService [http-nio-8080-exec-7] Pobieranie danych użytkownika id: 1
2020-09-02 11:35:42,956 INFO pl.mihome.stejsiWebApp.logic.PodopiecznyService [http-nio-8080-exec-5] Zwracanie slice podopiecznych - strona 0
2020-09-02 11:35:42,961 INFO pl.mihome.stejsiWebApp.logic.PodopiecznyService [http-nio-8080-exec-4] Pobieranie danych użytkownika id: 1
2020-09-02 11:38:47,854 INFO pl.mihome.stejsiWebApp.logic.PodopiecznyService [http-nio-8080-exec-2] Zwracanie slice podopiecznych - strona 0
2020-09-02 11:38:47,853 INFO pl.mihome.stejsiWebApp.logic.PodopiecznyService [http-nio-8080-exec-6] Pobieranie danych użytkownika id: 1
2020-09-02 11:38:58,817 INFO pl.mihome.stejsiWebApp.logic.PodopiecznyService [http-nio-8080-exec-7] Zwracanie slice podopiecznych - strona 0
2020-09-02 11:38:58,822 INFO pl.mihome.stejsiWebApp.logic.PodopiecznyService [http-nio-8080-exec-8] Pobieranie danych użytkownika id: 1
2020-09-02 11:39:15,520 INFO pl.mihome.stejsiWebApp.logic.PodopiecznyService [http-nio-8080-exec-4] Zwracanie slice podopiecznych - strona 0
2020-09-02 11:39:15,573 INFO pl.mihome.stejsiWebApp.logic.PodopiecznyService [http-nio-8080-exec-5] Pobieranie danych użytkownika id: 1
2020-09-02 11:39:21,864 INFO pl.mihome.stejsiWebApp.logic.PodopiecznyService [http-nio-8080-exec-9] Zwracanie slice podopiecznych - strona 0
2020-09-02 11:39:21,868 INFO pl.mihome.stejsiWebApp.logic.PodopiecznyService [http-nio-8080-exec-1] Pobieranie danych użytkownika id: 1
2020-09-02 11:40:38,570 INFO pl.mihome.stejsiWebApp.logic.PodopiecznyService [http-nio-8080-exec-8] Zwracanie slice podopiecznych - strona 0
2020-09-02 11:40:38,595 INFO pl.mihome.stejsiWebApp.logic.PodopiecznyService [http-nio-8080-exec-7] Pobieranie danych użytkownika id: 1
2020-09-02 11:41:02,013 INFO pl.mihome.stejsiWebApp.logic.PodopiecznyService [http-nio-8080-exec-5] Zwracanie slice podopiecznych - strona 0
2020-09-02 11:41:02,088 INFO pl.mihome.stejsiWebApp.logic.PodopiecznyService [http-nio-8080-exec-4] Pobieranie danych użytkownika id: 1
2020-09-02 11:41:06,476 INFO pl.mihome.stejsiWebApp.logic.PodopiecznyService [http-nio-8080-exec-1] Zwracanie slice podopiecznych - strona 0
2020-09-02 11:41:06,477 INFO pl.mihome.stejsiWebApp.logic.PodopiecznyService [http-nio-8080-exec-9] Pobieranie danych użytkownika id: 1
2020-09-02 11:41:29,812 INFO pl.mihome.stejsiWebApp.logic.ScheduledNotificationService [scheduling-1] Rozpoczynanie wysyłki powiadomień o nowych treningach z częstotliwością raz na 15 minut(y)
2020-09-02 11:41:46,128 INFO pl.mihome.stejsiWebApp.logic.PodopiecznyService [http-nio-8080-exec-7] Zwracanie slice podopiecznych - strona 0
2020-09-02 11:41:46,141 INFO pl.mihome.stejsiWebApp.logic.PodopiecznyService [http-nio-8080-exec-8] Pobieranie danych użytkownika id: 1
2020-09-02 11:41:47,054 INFO pl.mihome.stejsiWebApp.logic.PodopiecznyService [http-nio-8080-exec-4] Zwracanie slice podopiecznych - strona 0
2020-09-02 11:41:47,075 INFO pl.mihome.stejsiWebApp.logic.PodopiecznyService [http-nio-8080-exec-5] Pobieranie danych użytkownika id: 1
2020-09-02 11:42:00,917 INFO pl.mihome.stejsiWebApp.logic.PodopiecznyService [http-nio-8080-exec-9] Zwracanie slice podopiecznych - strona 0
2020-09-02 11:42:00,926 INFO pl.mihome.stejsiWebApp.logic.PodopiecznyService [http-nio-8080-exec-1] Pobieranie danych użytkownika id: 1
2020-09-02 11:42:05,105 INFO pl.mihome.stejsiWebApp.logic.PodopiecznyService [http-nio-8080-exec-10] Zwracanie slice podopiecznych - strona 0
2020-09-02 11:42:05,105 INFO pl.mihome.stejsiWebApp.logic.PodopiecznyService [http-nio-8080-exec-3] Pobieranie danych użytkownika id: 1
2020-09-02 11:42:23,253 INFO pl.mihome.stejsiWebApp.logic.PodopiecznyService [http-nio-8080-exec-2] Zwracanie slice podopiecznych - strona 0
2020-09-02 11:42:23,261 INFO pl.mihome.stejsiWebApp.logic.PodopiecznyService [http-nio-8080-exec-6] Pobieranie danych użytkownika id: 1
2020-09-02 11:42:23,436 INFO pl.mihome.stejsiWebApp.logic.PodopiecznyService [http-nio-8080-exec-8] Zwracanie slice podopiecznych - strona 0
2020-09-02 11:42:23,462 INFO pl.mihome.stejsiWebApp.logic.PodopiecznyService [http-nio-8080-exec-7] Pobieranie danych użytkownika id: 1
2020-09-02 11:45:13,431 INFO pl.mihome.stejsiWebApp.logic.PodopiecznyService [http-nio-8080-exec-3] Zwracanie slice podopiecznych - strona 0
2020-09-02 11:45:13,426 INFO pl.mihome.stejsiWebApp.logic.PodopiecznyService [http-nio-8080-exec-10] Pobieranie danych użytkownika id: 1
2020-09-02 11:45:19,447 INFO pl.mihome.stejsiWebApp.logic.PodopiecznyService [http-nio-8080-exec-6] Zwracanie slice podopiecznych - strona 0
2020-09-02 11:45:19,452 INFO pl.mihome.stejsiWebApp.logic.PodopiecznyService [http-nio-8080-exec-2] Pobieranie danych użytkownika id: 1
2020-09-02 11:45:37,858 INFO pl.mihome.stejsiWebApp.logic.PodopiecznyService [http-nio-8080-exec-7] Zwracanie slice podopiecznych - strona 0
2020-09-02 11:45:37,862 INFO pl.mihome.stejsiWebApp.logic.PodopiecznyService [http-nio-8080-exec-8] Pobieranie danych użytkownika id: 1
2020-09-02 11:45:38,125 INFO pl.mihome.stejsiWebApp.logic.PodopiecznyService [http-nio-8080-exec-5] Zwracanie slice podopiecznych - strona 0
2020-09-02 11:45:38,166 INFO pl.mihome.stejsiWebApp.logic.PodopiecznyService [http-nio-8080-exec-4] Pobieranie danych użytkownika id: 1
2020-09-02 11:47:08,953 INFO pl.mihome.stejsiWebApp.logic.PodopiecznyService [http-nio-8080-exec-6] Pobieranie danych użytkownika id: 1
2020-09-02 11:47:08,954 INFO pl.mihome.stejsiWebApp.logic.PodopiecznyService [http-nio-8080-exec-2] Zwracanie slice podopiecznych - strona 0
2020-09-02 11:50:32,633 INFO pl.mihome.stejsiWebApp.logic.PodopiecznyService [http-nio-8080-exec-4] Zwracanie slice podopiecznych - strona 0
2020-09-02 11:50:32,648 INFO pl.mihome.stejsiWebApp.logic.PodopiecznyService [http-nio-8080-exec-5] Pobieranie danych użytkownika id: 1
2020-09-02 11:50:57,931 INFO pl.mihome.stejsiWebApp.logic.PodopiecznyService [http-nio-8080-exec-9] Zwracanie slice podopiecznych - strona 0
2020-09-02 11:50:57,933 INFO pl.mihome.stejsiWebApp.logic.PodopiecznyService [http-nio-8080-exec-1] Pobieranie danych użytkownika id: 1
2020-09-02 11:53:12,129 INFO pl.mihome.stejsiWebApp.logic.PodopiecznyService [http-nio-8080-exec-7] Pobieranie danych użytkownika id: 1
2020-09-02 11:53:12,130 INFO pl.mihome.stejsiWebApp.logic.PodopiecznyService [http-nio-8080-exec-8] Zwracanie slice podopiecznych - strona 0
2020-09-02 11:55:28,523 INFO pl.mihome.stejsiWebApp.logic.PodopiecznyService [http-nio-8080-exec-1] Zwracanie slice podopiecznych - strona 0
2020-09-02 11:55:28,525 INFO pl.mihome.stejsiWebApp.logic.PodopiecznyService [http-nio-8080-exec-9] Pobieranie danych użytkownika id: 1
2020-09-02 11:56:13,919 INFO pl.mihome.stejsiWebApp.logic.PodopiecznyService [http-nio-8080-exec-3] Zwracanie slice podopiecznych - strona 0
2020-09-02 11:56:13,918 INFO pl.mihome.stejsiWebApp.logic.PodopiecznyService [http-nio-8080-exec-10] Pobieranie danych użytkownika id: 1
2020-09-02 11:56:23,599 INFO pl.mihome.stejsiWebApp.logic.PodopiecznyService [http-nio-8080-exec-6] Zwracanie slice podopiecznych - strona 0
2020-09-02 11:56:23,608 INFO pl.mihome.stejsiWebApp.logic.PodopiecznyService [http-nio-8080-exec-2] Pobieranie danych użytkownika id: 1
2020-09-02 11:56:29,878 INFO pl.mihome.stejsiWebApp.logic.ScheduledNotificationService [scheduling-1] Rozpoczynanie wysyłki powiadomień o nowych treningach z częstotliwością raz na 15 minut(y)
2020-09-02 11:56:46,612 INFO pl.mihome.stejsiWebApp.logic.PodopiecznyService [http-nio-8080-exec-7] Zwracanie slice podopiecznych - strona 0
2020-09-02 11:56:46,618 INFO pl.mihome.stejsiWebApp.logic.PodopiecznyService [http-nio-8080-exec-8] Pobieranie danych użytkownika id: 1
2020-09-02 11:57:16,064 INFO pl.mihome.stejsiWebApp.logic.PodopiecznyService [http-nio-8080-exec-4] Zwracanie slice podopiecznych - strona 0
2020-09-02 11:57:16,082 INFO pl.mihome.stejsiWebApp.logic.PodopiecznyService [http-nio-8080-exec-5] Pobieranie danych użytkownika id: 1
2020-09-02 11:57:26,931 INFO pl.mihome.stejsiWebApp.logic.ScheduledNotificationService [scheduling-1] Rozpoczynanie wysyłki powiadomień z prośbą o potwierdzenie obecności na treningu z częstotliwością raz na 30 minut(y)
2020-09-02 11:58:43,015 INFO pl.mihome.stejsiWebApp.logic.PodopiecznyService [http-nio-8080-exec-10] Zwracanie slice podopiecznych - strona 0
2020-09-02 11:58:43,018 INFO pl.mihome.stejsiWebApp.logic.PodopiecznyService [http-nio-8080-exec-3] Pobieranie danych użytkownika id: 1
2020-09-02 11:58:56,432 INFO pl.mihome.stejsiWebApp.logic.PodopiecznyService [http-nio-8080-exec-2] Zwracanie slice podopiecznych - strona 0
2020-09-02 11:58:56,442 INFO pl.mihome.stejsiWebApp.logic.PodopiecznyService [http-nio-8080-exec-6] Pobieranie danych użytkownika id: 1
2020-09-02 12:01:08,914 INFO pl.mihome.stejsiWebApp.logic.PodopiecznyService [http-nio-8080-exec-5] Zwracanie slice podopiecznych - strona 0
2020-09-02 12:01:08,907 INFO pl.mihome.stejsiWebApp.logic.PodopiecznyService [http-nio-8080-exec-4] Pobieranie danych użytkownika id: 1
2020-09-02 12:01:58,384 INFO pl.mihome.stejsiWebApp.logic.PodopiecznyService [http-nio-8080-exec-1] Pobieranie danych użytkownika id: 1
2020-09-02 12:01:58,396 INFO pl.mihome.stejsiWebApp.logic.PodopiecznyService [http-nio-8080-exec-9] Zwracanie slice podopiecznych - strona 0
2020-09-02 12:02:39,519 INFO pl.mihome.stejsiWebApp.logic.PodopiecznyService [http-nio-8080-exec-6] Zwracanie slice podopiecznych - strona 0
2020-09-02 12:02:39,523 INFO pl.mihome.stejsiWebApp.logic.PodopiecznyService [http-nio-8080-exec-2] Pobieranie danych użytkownika id: 1
2020-09-02 12:11:29,925 INFO pl.mihome.stejsiWebApp.logic.ScheduledNotificationService [scheduling-1] Rozpoczynanie wysyłki powiadomień o nowych treningach z częstotliwością raz na 15 minut(y)
2020-09-02 12:13:44,090 INFO pl.mihome.stejsiWebApp.logic.PodopiecznyService [http-nio-8080-exec-5] Zwracanie slice podopiecznych - strona 0
2020-09-02 12:13:44,102 INFO pl.mihome.stejsiWebApp.logic.PodopiecznyService [http-nio-8080-exec-4] Pobieranie danych użytkownika id: 1
2020-09-02 12:14:29,938 INFO pl.mihome.stejsiWebApp.logic.PodopiecznyService [http-nio-8080-exec-9] Zwracanie slice podopiecznych - strona 0
2020-09-02 12:14:29,951 INFO pl.mihome.stejsiWebApp.logic.PodopiecznyService [http-nio-8080-exec-1] Pobieranie danych użytkownika id: 1
2020-09-02 12:15:18,829 INFO pl.mihome.stejsiWebApp.logic.PodopiecznyService [http-nio-8080-exec-2] Zwracanie slice podopiecznych - strona 0
2020-09-02 12:15:18,836 INFO pl.mihome.stejsiWebApp.logic.PodopiecznyService [http-nio-8080-exec-6] Pobieranie danych użytkownika id: 1
2020-09-02 12:15:25,415 INFO pl.mihome.stejsiWebApp.logic.PodopiecznyService [http-nio-8080-exec-7] Pobieranie danych użytkownika id: 1
2020-09-02 12:15:25,420 INFO pl.mihome.stejsiWebApp.logic.PodopiecznyService [http-nio-8080-exec-8] Zwracanie slice podopiecznych - strona 0
2020-09-02 12:16:41,370 INFO pl.mihome.stejsiWebApp.logic.PodopiecznyService [http-nio-8080-exec-1] Zwracanie slice podopiecznych - strona 0
2020-09-02 12:16:41,378 INFO pl.mihome.stejsiWebApp.logic.PodopiecznyService [http-nio-8080-exec-9] Pobieranie danych użytkownika id: 1
2020-09-02 12:17:23,715 INFO pl.mihome.stejsiWebApp.logic.PodopiecznyService [http-nio-8080-exec-10] Zwracanie slice podopiecznych - strona 0
2020-09-02 12:17:23,716 INFO pl.mihome.stejsiWebApp.logic.PodopiecznyService [http-nio-8080-exec-3] Pobieranie danych użytkownika id: 1
2020-09-02 12:19:06,542 INFO pl.mihome.stejsiWebApp.logic.PodopiecznyService [http-nio-8080-exec-8] Zwracanie slice podopiecznych - strona 0
2020-09-02 12:19:06,541 INFO pl.mihome.stejsiWebApp.logic.PodopiecznyService [http-nio-8080-exec-7] Pobieranie danych użytkownika id: 1
2020-09-02 12:20:19,341 INFO pl.mihome.stejsiWebApp.logic.PodopiecznyService [http-nio-8080-exec-9] Zwracanie slice podopiecznych - strona 0
2020-09-02 12:20:19,347 INFO pl.mihome.stejsiWebApp.logic.PodopiecznyService [http-nio-8080-exec-1] Pobieranie danych użytkownika id: 1
2020-09-02 12:21:01,340 INFO pl.mihome.stejsiWebApp.logic.PodopiecznyService [http-nio-8080-exec-10] Pobieranie danych użytkownika id: 1
2020-09-02 12:21:01,348 INFO pl.mihome.stejsiWebApp.logic.PodopiecznyService [http-nio-8080-exec-3] Zwracanie slice podopiecznych - strona 0
2020-09-02 12:21:35,904 INFO pl.mihome.stejsiWebApp.logic.PodopiecznyService [http-nio-8080-exec-2] Zwracanie slice podopiecznych - strona 0
2020-09-02 12:21:35,904 INFO pl.mihome.stejsiWebApp.logic.PodopiecznyService [http-nio-8080-exec-6] Pobieranie danych użytkownika id: 1
2020-09-02 12:24:28,144 INFO pl.mihome.stejsiWebApp.logic.PodopiecznyService [http-nio-8080-exec-1] Pobieranie danych użytkownika id: 1
2020-09-02 12:24:28,166 INFO pl.mihome.stejsiWebApp.logic.PodopiecznyService [http-nio-8080-exec-9] Zwracanie slice podopiecznych - strona 0
2020-09-02 12:25:25,818 INFO pl.mihome.stejsiWebApp.logic.PodopiecznyService [http-nio-8080-exec-10] Zwracanie slice podopiecznych - strona 0
2020-09-02 12:25:25,837 INFO pl.mihome.stejsiWebApp.logic.PodopiecznyService [http-nio-8080-exec-3] Pobieranie danych użytkownika id: 1
2020-09-02 12:26:11,025 INFO pl.mihome.stejsiWebApp.logic.PodopiecznyService [http-nio-8080-exec-7] Zwracanie slice podopiecznych - strona 0
2020-09-02 12:26:11,033 INFO pl.mihome.stejsiWebApp.logic.PodopiecznyService [http-nio-8080-exec-8] Pobieranie danych użytkownika id: 1
2020-09-02 12:26:29,958 INFO pl.mihome.stejsiWebApp.logic.ScheduledNotificationService [scheduling-1] Rozpoczynanie wysyłki powiadomień o nowych treningach z częstotliwością raz na 15 minut(y)
2020-09-02 12:26:42,306 INFO pl.mihome.stejsiWebApp.logic.PodopiecznyService [http-nio-8080-exec-4] Zwracanie slice podopiecznych - strona 0
2020-09-02 12:26:42,346 INFO pl.mihome.stejsiWebApp.logic.PodopiecznyService [http-nio-8080-exec-5] Pobieranie danych użytkownika id: 1
2020-09-02 12:27:26,951 INFO pl.mihome.stejsiWebApp.logic.ScheduledNotificationService [scheduling-1] Rozpoczynanie wysyłki powiadomień z prośbą o potwierdzenie obecności na treningu z częstotliwością raz na 30 minut(y)
2020-09-02 12:28:44,554 INFO pl.mihome.stejsiWebApp.logic.PodopiecznyService [http-nio-8080-exec-3] Zwracanie slice podopiecznych - strona 0
2020-09-02 12:28:44,572 INFO pl.mihome.stejsiWebApp.logic.PodopiecznyService [http-nio-8080-exec-10] Pobieranie danych użytkownika id: 1
2020-09-02 12:28:59,822 INFO pl.mihome.stejsiWebApp.logic.PodopiecznyService [http-nio-8080-exec-2] Zwracanie slice podopiecznych - strona 0
2020-09-02 12:28:59,827 INFO pl.mihome.stejsiWebApp.logic.PodopiecznyService [http-nio-8080-exec-6] Pobieranie danych użytkownika id: 1
2020-09-02 12:29:04,882 INFO pl.mihome.stejsiWebApp.logic.PodopiecznyService [http-nio-8080-exec-8] Zwracanie slice podopiecznych - strona 0
2020-09-02 12:29:04,886 INFO pl.mihome.stejsiWebApp.logic.PodopiecznyService [http-nio-8080-exec-7] Pobieranie danych użytkownika id: 1
2020-09-02 12:40:54,555 INFO org.springframework.scheduling.concurrent.ExecutorConfigurationSupport [SpringContextShutdownHook] Shutting down ExecutorService 'taskScheduler'
2020-09-02 12:40:54,731 INFO org.springframework.scheduling.concurrent.ExecutorConfigurationSupport [SpringContextShutdownHook] Shutting down ExecutorService 'applicationTaskExecutor'
2020-09-02 12:40:54,836 INFO org.springframework.orm.jpa.AbstractEntityManagerFactoryBean [SpringContextShutdownHook] Closing JPA EntityManagerFactory for persistence unit 'default'
2020-09-02 12:40:55,722 INFO com.zaxxer.hikari.HikariDataSource [SpringContextShutdownHook] HikariPool-1 - Shutdown initiated...
2020-09-02 12:40:55,778 INFO com.zaxxer.hikari.HikariDataSource [SpringContextShutdownHook] HikariPool-1 - Shutdown completed.
2020-09-02 12:41:14,549 INFO org.springframework.boot.StartupInfoLogger [main] Starting StejsiWebAppApplication on MacBookPro-Milosz.local with PID 62969 (/Users/mkozlowski/Developer/Java/stejsiWebApp/target/classes started by mkozlowski in /Users/mkozlowski/Developer/Java/stejsiWebApp)
2020-09-02 12:41:14,572 INFO org.springframework.boot.SpringApplication [main] The following profiles are active: local
2020-09-02 12:41:16,873 INFO org.springframework.data.repository.config.RepositoryConfigurationDelegate [main] Bootstrapping Spring Data JPA repositories in DEFAULT mode.
2020-09-02 12:41:17,011 INFO org.springframework.data.repository.config.RepositoryConfigurationDelegate [main] Finished Spring Data repository scanning in 123ms. Found 10 JPA repository interfaces.
2020-09-02 12:41:17,623 INFO org.springframework.context.support.PostProcessorRegistrationDelegate$BeanPostProcessorChecker [main] Bean 'org.springframework.security.config.annotation.configuration.ObjectPostProcessorConfiguration' of type [org.springframework.security.config.annotation.configuration.ObjectPostProcessorConfiguration] is not eligible for getting processed by all BeanPostProcessors (for example: not eligible for auto-proxying)
2020-09-02 12:41:17,628 INFO org.springframework.context.support.PostProcessorRegistrationDelegate$BeanPostProcessorChecker [main] Bean 'objectPostProcessor' of type [org.springframework.security.config.annotation.configuration.AutowireBeanFactoryObjectPostProcessor] is not eligible for getting processed by all BeanPostProcessors (for example: not eligible for auto-proxying)
2020-09-02 12:41:17,632 INFO org.springframework.context.support.PostProcessorRegistrationDelegate$BeanPostProcessorChecker [main] Bean 'org.springframework.security.access.expression.method.DefaultMethodSecurityExpressionHandler@2cd388f5' of type [org.springframework.security.access.expression.method.DefaultMethodSecurityExpressionHandler] is not eligible for getting processed by all BeanPostProcessors (for example: not eligible for auto-proxying)
2020-09-02 12:41:17,637 INFO org.springframework.context.support.PostProcessorRegistrationDelegate$BeanPostProcessorChecker [main] Bean 'org.springframework.security.config.annotation.method.configuration.GlobalMethodSecurityConfiguration' of type [org.springframework.security.config.annotation.method.configuration.GlobalMethodSecurityConfiguration] is not eligible for getting processed by all BeanPostProcessors (for example: not eligible for auto-proxying)
2020-09-02 12:41:17,642 INFO org.springframework.context.support.PostProcessorRegistrationDelegate$BeanPostProcessorChecker [main] Bean 'methodSecurityMetadataSource' of type [org.springframework.security.access.method.DelegatingMethodSecurityMetadataSource] is not eligible for getting processed by all BeanPostProcessors (for example: not eligible for auto-proxying)
2020-09-02 12:41:18,127 INFO org.springframework.boot.web.embedded.tomcat.TomcatWebServer [main] Tomcat initialized with port(s): 8080 (http)
2020-09-02 12:41:18,138 INFO org.apache.juli.logging.DirectJDKLog [main] Initializing ProtocolHandler ["http-nio-8080"]
2020-09-02 12:41:18,138 INFO org.apache.juli.logging.DirectJDKLog [main] Starting service [Tomcat]
2020-09-02 12:41:18,139 INFO org.apache.juli.logging.DirectJDKLog [main] Starting Servlet engine: [Apache Tomcat/9.0.33]
2020-09-02 12:41:18,278 INFO org.apache.juli.logging.DirectJDKLog [main] Initializing Spring embedded WebApplicationContext
2020-09-02 12:41:18,278 INFO org.springframework.boot.web.servlet.context.ServletWebServerApplicationContext [main] Root WebApplicationContext: initialization completed in 3565 ms
2020-09-02 12:41:18,411 WARN org.springframework.boot.autoconfigure.orm.jpa.JpaBaseConfiguration$JpaWebConfiguration [main] spring.jpa.open-in-view is enabled by default. Therefore, database queries may be performed during view rendering. Explicitly configure spring.jpa.open-in-view to disable this warning
2020-09-02 12:41:18,544 INFO org.flywaydb.core.internal.logging.slf4j.Slf4jLog [main] Flyway Community Edition 6.0.8 by Redgate
2020-09-02 12:41:18,555 INFO com.zaxxer.hikari.HikariDataSource [main] HikariPool-1 - Starting...
2020-09-02 12:41:18,831 INFO com.zaxxer.hikari.HikariDataSource [main] HikariPool-1 - Start completed.
2020-09-02 12:41:18,843 INFO org.flywaydb.core.internal.logging.slf4j.Slf4jLog [main] Database: jdbc:h2:file:/Users/mkozlowski/Developer/Java/stejsiWebApp/StejsiAppDB_mysql (H2 1.4)
2020-09-02 12:41:18,903 WARN org.flywaydb.core.internal.logging.slf4j.Slf4jLog [main] Flyway upgrade recommended: H2 1.4.200 is newer than this version of Flyway and support has not been tested. The latest supported version of H2 is 1.4.199.
2020-09-02 12:41:18,982 INFO org.flywaydb.core.internal.logging.slf4j.Slf4jLog [main] Successfully validated 22 migrations (execution time 00:00.063s)
2020-09-02 12:41:19,002 INFO org.flywaydb.core.internal.logging.slf4j.Slf4jLog [main] Current version of schema "public": 22
2020-09-02 12:41:19,004 INFO org.flywaydb.core.internal.logging.slf4j.Slf4jLog [main] Schema "public" is up to date. No migration necessary.
2020-09-02 12:41:19,176 INFO org.hibernate.jpa.internal.util.LogHelper [main] HHH000204: Processing PersistenceUnitInfo [name: default]
2020-09-02 12:41:19,309 INFO org.hibernate.Version [main] HHH000412: Hibernate ORM core version 5.4.12.Final
2020-09-02 12:41:19,496 INFO org.hibernate.annotations.common.reflection.java.JavaReflectionManager [main] HCANN000001: Hibernate Commons Annotations {5.1.0.Final}
2020-09-02 12:41:19,646 INFO org.hibernate.dialect.Dialect [main] HHH000400: Using dialect: org.hibernate.dialect.H2Dialect
2020-09-02 12:41:20,161 INFO org.hibernate.search.engine.Version [main] HSEARCH000034: Hibernate Search 5.11.5.Final
2020-09-02 12:41:20,887 INFO org.hibernate.engine.transaction.jta.platform.internal.JtaPlatformInitiator [main] HHH000490: Using JtaPlatform implementation: [org.hibernate.engine.transaction.jta.platform.internal.NoJtaPlatform]
2020-09-02 12:41:21,264 WARN org.hibernate.search.indexes.impl.LuceneEmbeddedIndexFamilyImpl [main] HSEARCH000075: Configuration setting hibernate.search.lucene_version was not specified: using LUCENE_CURRENT.
2020-09-02 12:41:21,439 INFO org.springframework.orm.jpa.AbstractEntityManagerFactoryBean [main] Initialized JPA EntityManagerFactory for persistence unit 'default'
2020-09-02 12:41:24,936 INFO pl.mihome.stejsiWebApp.logic.FirebaseCloudMessagingInit [main] Firebase application has been initialized
2020-09-02 12:41:25,730 INFO org.springframework.security.web.DefaultSecurityFilterChain [main] Creating filter chain: any request, [org.springframework.security.web.context.request.async.WebAsyncManagerIntegrationFilter@31af3f22, org.springframework.security.web.context.SecurityContextPersistenceFilter@1d7914a5, org.springframework.security.web.header.HeaderWriterFilter@65134e6c, org.springframework.security.web.csrf.CsrfFilter@d833770, org.keycloak.adapters.springsecurity.filter.KeycloakPreAuthActionsFilter@158cb50a, org.keycloak.adapters.springsecurity.filter.KeycloakAuthenticationProcessingFilter@72155315, org.springframework.security.web.authentication.logout.LogoutFilter@45dbbb97, org.springframework.security.web.savedrequest.RequestCacheAwareFilter@136c3a6, org.springframework.security.web.servletapi.SecurityContextHolderAwareRequestFilter@34db5935, org.keycloak.adapters.springsecurity.filter.KeycloakSecurityContextRequestFilter@55c78556, org.keycloak.adapters.springsecurity.filter.KeycloakAuthenticatedActionsFilter@25134e01, org.springframework.security.web.authentication.AnonymousAuthenticationFilter@6c418f0b, org.springframework.security.web.session.SessionManagementFilter@5f804b36, org.springframework.security.web.access.ExceptionTranslationFilter@1e250539, org.springframework.security.web.access.intercept.FilterSecurityInterceptor@140e003e]
2020-09-02 12:41:26,023 INFO org.springframework.scheduling.concurrent.ExecutorConfigurationSupport [main] Initializing ExecutorService 'applicationTaskExecutor'
2020-09-02 12:41:26,226 INFO org.springframework.boot.autoconfigure.web.servlet.WelcomePageHandlerMapping [main] Adding welcome page template: index
2020-09-02 12:41:27,514 INFO org.springframework.scheduling.concurrent.ExecutorConfigurationSupport [main] Initializing ExecutorService 'taskScheduler'
2020-09-02 12:41:28,048 INFO org.hibernate.search.batchindexing.impl.SimpleIndexingProgressMonitor [Hibernate Search: identifierloader-1] HSEARCH000027: Going to reindex 13 entities
2020-09-02 12:41:28,443 INFO org.hibernate.search.batchindexing.impl.SimpleIndexingProgressMonitor [main] HSEARCH000028: Reindexed 13 entities
2020-09-02 12:41:28,450 INFO org.apache.juli.logging.DirectJDKLog [main] Starting ProtocolHandler ["http-nio-8080"]
2020-09-02 12:41:28,482 INFO org.springframework.boot.web.embedded.tomcat.TomcatWebServer [main] Tomcat started on port(s): 8080 (http) with context path ''
2020-09-02 12:41:28,486 INFO org.springframework.boot.StartupInfoLogger [main] Started StejsiWebAppApplication in 15.238 seconds (JVM running for 17.383)
2020-09-02 12:41:28,875 INFO org.springframework.scheduling.concurrent.ExecutorConfigurationSupport [SpringContextShutdownHook] Shutting down ExecutorService 'taskScheduler'
2020-09-02 12:41:28,886 INFO org.springframework.scheduling.concurrent.ExecutorConfigurationSupport [SpringContextShutdownHook] Shutting down ExecutorService 'applicationTaskExecutor'
2020-09-02 12:41:28,899 INFO org.springframework.orm.jpa.AbstractEntityManagerFactoryBean [SpringContextShutdownHook] Closing JPA EntityManagerFactory for persistence unit 'default'
2020-09-02 12:41:28,921 INFO com.zaxxer.hikari.HikariDataSource [SpringContextShutdownHook] HikariPool-1 - Shutdown initiated...
2020-09-02 12:41:28,925 INFO com.zaxxer.hikari.HikariDataSource [SpringContextShutdownHook] HikariPool-1 - Shutdown completed.
2020-09-02 12:41:40,224 INFO org.springframework.boot.StartupInfoLogger [main] Starting StejsiWebAppApplication on MacBookPro-Milosz.local with PID 62996 (/Users/mkozlowski/Developer/Java/stejsiWebApp/target/classes started by mkozlowski in /Users/mkozlowski/Developer/Java/stejsiWebApp)
2020-09-02 12:41:40,234 INFO org.springframework.boot.SpringApplication [main] The following profiles are active: local
2020-09-02 12:41:41,685 INFO org.springframework.data.repository.config.RepositoryConfigurationDelegate [main] Bootstrapping Spring Data JPA repositories in DEFAULT mode.
2020-09-02 12:41:41,846 INFO org.springframework.data.repository.config.RepositoryConfigurationDelegate [main] Finished Spring Data repository scanning in 148ms. Found 10 JPA repository interfaces.
2020-09-02 12:41:42,596 INFO org.springframework.context.support.PostProcessorRegistrationDelegate$BeanPostProcessorChecker [main] Bean 'org.springframework.security.config.annotation.configuration.ObjectPostProcessorConfiguration' of type [org.springframework.security.config.annotation.configuration.ObjectPostProcessorConfiguration] is not eligible for getting processed by all BeanPostProcessors (for example: not eligible for auto-proxying)
2020-09-02 12:41:42,601 INFO org.springframework.context.support.PostProcessorRegistrationDelegate$BeanPostProcessorChecker [main] Bean 'objectPostProcessor' of type [org.springframework.security.config.annotation.configuration.AutowireBeanFactoryObjectPostProcessor] is not eligible for getting processed by all BeanPostProcessors (for example: not eligible for auto-proxying)
2020-09-02 12:41:42,605 INFO org.springframework.context.support.PostProcessorRegistrationDelegate$BeanPostProcessorChecker [main] Bean 'org.springframework.security.access.expression.method.DefaultMethodSecurityExpressionHandler@f25f48a' of type [org.springframework.security.access.expression.method.DefaultMethodSecurityExpressionHandler] is not eligible for getting processed by all BeanPostProcessors (for example: not eligible for auto-proxying)
2020-09-02 12:41:42,609 INFO org.springframework.context.support.PostProcessorRegistrationDelegate$BeanPostProcessorChecker [main] Bean 'org.springframework.security.config.annotation.method.configuration.GlobalMethodSecurityConfiguration' of type [org.springframework.security.config.annotation.method.configuration.GlobalMethodSecurityConfiguration] is not eligible for getting processed by all BeanPostProcessors (for example: not eligible for auto-proxying)
2020-09-02 12:41:42,617 INFO org.springframework.context.support.PostProcessorRegistrationDelegate$BeanPostProcessorChecker [main] Bean 'methodSecurityMetadataSource' of type [org.springframework.security.access.method.DelegatingMethodSecurityMetadataSource] is not eligible for getting processed by all BeanPostProcessors (for example: not eligible for auto-proxying)
2020-09-02 12:41:43,212 INFO org.springframework.boot.web.embedded.tomcat.TomcatWebServer [main] Tomcat initialized with port(s): 8080 (http)
2020-09-02 12:41:43,224 INFO org.apache.juli.logging.DirectJDKLog [main] Initializing ProtocolHandler ["http-nio-8080"]
2020-09-02 12:41:43,225 INFO org.apache.juli.logging.DirectJDKLog [main] Starting service [Tomcat]
2020-09-02 12:41:43,226 INFO org.apache.juli.logging.DirectJDKLog [main] Starting Servlet engine: [Apache Tomcat/9.0.33]
2020-09-02 12:41:43,387 INFO org.apache.juli.logging.DirectJDKLog [main] Initializing Spring embedded WebApplicationContext
2020-09-02 12:41:43,388 INFO org.springframework.boot.web.servlet.context.ServletWebServerApplicationContext [main] Root WebApplicationContext: initialization completed in 3073 ms
2020-09-02 12:41:43,569 WARN org.springframework.boot.autoconfigure.orm.jpa.JpaBaseConfiguration$JpaWebConfiguration [main] spring.jpa.open-in-view is enabled by default. Therefore, database queries may be performed during view rendering. Explicitly configure spring.jpa.open-in-view to disable this warning
2020-09-02 12:41:43,726 INFO org.flywaydb.core.internal.logging.slf4j.Slf4jLog [main] Flyway Community Edition 6.0.8 by Redgate
2020-09-02 12:41:43,733 INFO com.zaxxer.hikari.HikariDataSource [main] HikariPool-1 - Starting...
2020-09-02 12:41:44,039 INFO com.zaxxer.hikari.HikariDataSource [main] HikariPool-1 - Start completed.
2020-09-02 12:41:44,066 INFO org.flywaydb.core.internal.logging.slf4j.Slf4jLog [main] Database: jdbc:h2:file:/Users/mkozlowski/Developer/Java/stejsiWebApp/StejsiAppDB_mysql (H2 1.4)
2020-09-02 12:41:44,099 WARN org.flywaydb.core.internal.logging.slf4j.Slf4jLog [main] Flyway upgrade recommended: H2 1.4.200 is newer than this version of Flyway and support has not been tested. The latest supported version of H2 is 1.4.199.
2020-09-02 12:41:44,196 INFO org.flywaydb.core.internal.logging.slf4j.Slf4jLog [main] Successfully validated 22 migrations (execution time 00:00.074s)
2020-09-02 12:41:44,220 INFO org.flywaydb.core.internal.logging.slf4j.Slf4jLog [main] Current version of schema "public": 22
2020-09-02 12:41:44,222 INFO org.flywaydb.core.internal.logging.slf4j.Slf4jLog [main] Schema "public" is up to date. No migration necessary.
2020-09-02 12:41:44,408 INFO org.hibernate.jpa.internal.util.LogHelper [main] HHH000204: Processing PersistenceUnitInfo [name: default]
2020-09-02 12:41:44,516 INFO org.hibernate.Version [main] HHH000412: Hibernate ORM core version 5.4.12.Final
2020-09-02 12:41:44,711 INFO org.hibernate.annotations.common.reflection.java.JavaReflectionManager [main] HCANN000001: Hibernate Commons Annotations {5.1.0.Final}
2020-09-02 12:41:44,856 INFO org.hibernate.dialect.Dialect [main] HHH000400: Using dialect: org.hibernate.dialect.H2Dialect
2020-09-02 12:41:45,393 INFO org.hibernate.search.engine.Version [main] HSEARCH000034: Hibernate Search 5.11.5.Final
2020-09-02 12:41:46,036 INFO org.hibernate.engine.transaction.jta.platform.internal.JtaPlatformInitiator [main] HHH000490: Using JtaPlatform implementation: [org.hibernate.engine.transaction.jta.platform.internal.NoJtaPlatform]
2020-09-02 12:41:46,458 WARN org.hibernate.search.indexes.impl.LuceneEmbeddedIndexFamilyImpl [main] HSEARCH000075: Configuration setting hibernate.search.lucene_version was not specified: using LUCENE_CURRENT.
2020-09-02 12:41:46,626 INFO org.springframework.orm.jpa.AbstractEntityManagerFactoryBean [main] Initialized JPA EntityManagerFactory for persistence unit 'default'
2020-09-02 12:41:48,595 INFO pl.mihome.stejsiWebApp.logic.FirebaseCloudMessagingInit [main] Firebase application has been initialized
2020-09-02 12:41:49,095 INFO org.springframework.security.web.DefaultSecurityFilterChain [main] Creating filter chain: any request, [org.springframework.security.web.context.request.async.WebAsyncManagerIntegrationFilter@40949bb0, org.springframework.security.web.context.SecurityContextPersistenceFilter@6f2f4b9e, org.springframework.security.web.header.HeaderWriterFilter@42210d27, org.springframework.security.web.csrf.CsrfFilter@21132086, org.keycloak.adapters.springsecurity.filter.KeycloakPreAuthActionsFilter@7e864fa4, org.keycloak.adapters.springsecurity.filter.KeycloakAuthenticationProcessingFilter@514c6ca0, org.springframework.security.web.authentication.logout.LogoutFilter@63b0aeb1, org.springframework.security.web.savedrequest.RequestCacheAwareFilter@5bdfae42, org.springframework.security.web.servletapi.SecurityContextHolderAwareRequestFilter@5078e308, org.keycloak.adapters.springsecurity.filter.KeycloakSecurityContextRequestFilter@ccea4be, org.keycloak.adapters.springsecurity.filter.KeycloakAuthenticatedActionsFilter@40f931ec, org.springframework.security.web.authentication.AnonymousAuthenticationFilter@70028163, org.springframework.security.web.session.SessionManagementFilter@9a932a4, org.springframework.security.web.access.ExceptionTranslationFilter@630a647c, org.springframework.security.web.access.intercept.FilterSecurityInterceptor@7b13ae73]
2020-09-02 12:41:49,313 INFO org.springframework.scheduling.concurrent.ExecutorConfigurationSupport [main] Initializing ExecutorService 'applicationTaskExecutor'
2020-09-02 12:41:49,457 INFO org.springframework.boot.autoconfigure.web.servlet.WelcomePageHandlerMapping [main] Adding welcome page template: index
2020-09-02 12:41:50,227 INFO org.springframework.scheduling.concurrent.ExecutorConfigurationSupport [main] Initializing ExecutorService 'taskScheduler'
2020-09-02 12:41:50,639 INFO org.hibernate.search.batchindexing.impl.SimpleIndexingProgressMonitor [Hibernate Search: identifierloader-1] HSEARCH000027: Going to reindex 13 entities
2020-09-02 12:41:50,913 INFO org.hibernate.search.batchindexing.impl.SimpleIndexingProgressMonitor [main] HSEARCH000028: Reindexed 13 entities
2020-09-02 12:41:50,918 INFO org.apache.juli.logging.DirectJDKLog [main] Starting ProtocolHandler ["http-nio-8080"]
2020-09-02 12:41:50,934 INFO org.springframework.boot.web.embedded.tomcat.TomcatWebServer [main] Tomcat started on port(s): 8080 (http) with context path ''
2020-09-02 12:41:50,938 INFO org.springframework.boot.StartupInfoLogger [main] Started StejsiWebAppApplication in 11.771 seconds (JVM running for 12.899)
2020-09-02 12:42:03,540 INFO org.apache.juli.logging.DirectJDKLog [http-nio-8080-exec-1] Initializing Spring DispatcherServlet 'dispatcherServlet'
2020-09-02 12:42:03,541 INFO org.springframework.web.servlet.FrameworkServlet [http-nio-8080-exec-1] Initializing Servlet 'dispatcherServlet'
2020-09-02 12:42:03,600 INFO org.springframework.web.servlet.FrameworkServlet [http-nio-8080-exec-1] Completed initialization in 58 ms
2020-09-02 12:42:03,746 INFO pl.mihome.stejsiWebApp.logic.TreningService [http-nio-8080-exec-1] Pobieranie listy treningów w cyklu tygodniowym dla tygodnia rozpoczynającego się od: 2020-08-31T00:00
2020-09-02 12:42:50,405 INFO pl.mihome.stejsiWebApp.logic.ScheduledNotificationService [scheduling-1] Rozpoczynanie wysyłki powiadomień o nowych treningach z częstotliwością raz na 15 minut(y)
2020-09-02 12:43:50,394 INFO pl.mihome.stejsiWebApp.logic.ScheduledNotificationService [scheduling-1] Rozpoczynanie wysyłki powiadomień z prośbą o potwierdzenie obecności na treningu z częstotliwością raz na 30 minut(y)
2020-09-02 12:44:50,396 INFO pl.mihome.stejsiWebApp.logic.ScheduledNotificationService [scheduling-1] Rozpoczynanie wysyłki powiadomień ponaglających o konieczności potwierdzenia obecności z częstotliwością raz na 360 minut(y)
2020-09-02 12:51:32,823 INFO org.springframework.scheduling.concurrent.ExecutorConfigurationSupport [SpringContextShutdownHook] Shutting down ExecutorService 'taskScheduler'
2020-09-02 12:51:32,906 INFO org.springframework.scheduling.concurrent.ExecutorConfigurationSupport [SpringContextShutdownHook] Shutting down ExecutorService 'applicationTaskExecutor'
2020-09-02 12:51:32,946 INFO org.springframework.orm.jpa.AbstractEntityManagerFactoryBean [SpringContextShutdownHook] Closing JPA EntityManagerFactory for persistence unit 'default'
2020-09-02 12:51:33,237 INFO com.zaxxer.hikari.HikariDataSource [SpringContextShutdownHook] HikariPool-1 - Shutdown initiated...
2020-09-02 12:51:33,346 INFO com.zaxxer.hikari.HikariDataSource [SpringContextShutdownHook] HikariPool-1 - Shutdown completed.
2020-09-02 12:51:43,148 INFO org.springframework.boot.StartupInfoLogger [main] Starting StejsiWebAppApplication on MacBookPro-Milosz.local with PID 63111 (/Users/mkozlowski/Developer/Java/stejsiWebApp/target/classes started by mkozlowski in /Users/mkozlowski/Developer/Java/stejsiWebApp)
2020-09-02 12:51:43,152 INFO org.springframework.boot.SpringApplication [main] The following profiles are active: local
2020-09-02 12:51:44,593 INFO org.springframework.data.repository.config.RepositoryConfigurationDelegate [main] Bootstrapping Spring Data JPA repositories in DEFAULT mode.
2020-09-02 12:51:44,694 INFO org.springframework.data.repository.config.RepositoryConfigurationDelegate [main] Finished Spring Data repository scanning in 91ms. Found 10 JPA repository interfaces.
2020-09-02 12:51:45,190 INFO org.springframework.context.support.PostProcessorRegistrationDelegate$BeanPostProcessorChecker [main] Bean 'org.springframework.security.config.annotation.configuration.ObjectPostProcessorConfiguration' of type [org.springframework.security.config.annotation.configuration.ObjectPostProcessorConfiguration] is not eligible for getting processed by all BeanPostProcessors (for example: not eligible for auto-proxying)
2020-09-02 12:51:45,193 INFO org.springframework.context.support.PostProcessorRegistrationDelegate$BeanPostProcessorChecker [main] Bean 'objectPostProcessor' of type [org.springframework.security.config.annotation.configuration.AutowireBeanFactoryObjectPostProcessor] is not eligible for getting processed by all BeanPostProcessors (for example: not eligible for auto-proxying)
2020-09-02 12:51:45,196 INFO org.springframework.context.support.PostProcessorRegistrationDelegate$BeanPostProcessorChecker [main] Bean 'org.springframework.security.access.expression.method.DefaultMethodSecurityExpressionHandler@5af64ce0' of type [org.springframework.security.access.expression.method.DefaultMethodSecurityExpressionHandler] is not eligible for getting processed by all BeanPostProcessors (for example: not eligible for auto-proxying)
2020-09-02 12:51:45,198 INFO org.springframework.context.support.PostProcessorRegistrationDelegate$BeanPostProcessorChecker [main] Bean 'org.springframework.security.config.annotation.method.configuration.GlobalMethodSecurityConfiguration' of type [org.springframework.security.config.annotation.method.configuration.GlobalMethodSecurityConfiguration] is not eligible for getting processed by all BeanPostProcessors (for example: not eligible for auto-proxying)
2020-09-02 12:51:45,203 INFO org.springframework.context.support.PostProcessorRegistrationDelegate$BeanPostProcessorChecker [main] Bean 'methodSecurityMetadataSource' of type [org.springframework.security.access.method.DelegatingMethodSecurityMetadataSource] is not eligible for getting processed by all BeanPostProcessors (for example: not eligible for auto-proxying)
2020-09-02 12:51:45,609 INFO org.springframework.boot.web.embedded.tomcat.TomcatWebServer [main] Tomcat initialized with port(s): 8080 (http)
2020-09-02 12:51:45,619 INFO org.apache.juli.logging.DirectJDKLog [main] Initializing ProtocolHandler ["http-nio-8080"]
2020-09-02 12:51:45,620 INFO org.apache.juli.logging.DirectJDKLog [main] Starting service [Tomcat]
2020-09-02 12:51:45,620 INFO org.apache.juli.logging.DirectJDKLog [main] Starting Servlet engine: [Apache Tomcat/9.0.33]
2020-09-02 12:51:45,743 INFO org.apache.juli.logging.DirectJDKLog [main] Initializing Spring embedded WebApplicationContext
2020-09-02 12:51:45,743 INFO org.springframework.boot.web.servlet.context.ServletWebServerApplicationContext [main] Root WebApplicationContext: initialization completed in 2474 ms
2020-09-02 12:51:45,854 WARN org.springframework.boot.autoconfigure.orm.jpa.JpaBaseConfiguration$JpaWebConfiguration [main] spring.jpa.open-in-view is enabled by default. Therefore, database queries may be performed during view rendering. Explicitly configure spring.jpa.open-in-view to disable this warning
2020-09-02 12:51:45,987 INFO org.flywaydb.core.internal.logging.slf4j.Slf4jLog [main] Flyway Community Edition 6.0.8 by Redgate
2020-09-02 12:51:45,995 INFO com.zaxxer.hikari.HikariDataSource [main] HikariPool-1 - Starting...
2020-09-02 12:51:46,306 INFO com.zaxxer.hikari.HikariDataSource [main] HikariPool-1 - Start completed.
2020-09-02 12:51:46,318 INFO org.flywaydb.core.internal.logging.slf4j.Slf4jLog [main] Database: jdbc:h2:file:/Users/mkozlowski/Developer/Java/stejsiWebApp/StejsiAppDB_mysql (H2 1.4)
2020-09-02 12:51:46,349 WARN org.flywaydb.core.internal.logging.slf4j.Slf4jLog [main] Flyway upgrade recommended: H2 1.4.200 is newer than this version of Flyway and support has not been tested. The latest supported version of H2 is 1.4.199.
2020-09-02 12:51:46,466 INFO org.flywaydb.core.internal.logging.slf4j.Slf4jLog [main] Successfully validated 22 migrations (execution time 00:00.106s)
2020-09-02 12:51:46,493 INFO org.flywaydb.core.internal.logging.slf4j.Slf4jLog [main] Current version of schema "public": 22
2020-09-02 12:51:46,496 INFO org.flywaydb.core.internal.logging.slf4j.Slf4jLog [main] Schema "public" is up to date. No migration necessary.
2020-09-02 12:51:46,678 INFO org.hibernate.jpa.internal.util.LogHelper [main] HHH000204: Processing PersistenceUnitInfo [name: default]
2020-09-02 12:51:46,795 INFO org.hibernate.Version [main] HHH000412: Hibernate ORM core version 5.4.12.Final
2020-09-02 12:51:46,949 INFO org.hibernate.annotations.common.reflection.java.JavaReflectionManager [main] HCANN000001: Hibernate Commons Annotations {5.1.0.Final}
2020-09-02 12:51:47,071 INFO org.hibernate.dialect.Dialect [main] HHH000400: Using dialect: org.hibernate.dialect.H2Dialect
2020-09-02 12:51:47,469 INFO org.hibernate.search.engine.Version [main] HSEARCH000034: Hibernate Search 5.11.5.Final
2020-09-02 12:51:47,985 INFO org.hibernate.engine.transaction.jta.platform.internal.JtaPlatformInitiator [main] HHH000490: Using JtaPlatform implementation: [org.hibernate.engine.transaction.jta.platform.internal.NoJtaPlatform]
2020-09-02 12:51:48,237 WARN org.hibernate.search.indexes.impl.LuceneEmbeddedIndexFamilyImpl [main] HSEARCH000075: Configuration setting hibernate.search.lucene_version was not specified: using LUCENE_CURRENT.
2020-09-02 12:51:48,359 INFO org.springframework.orm.jpa.AbstractEntityManagerFactoryBean [main] Initialized JPA EntityManagerFactory for persistence unit 'default'
2020-09-02 12:51:50,263 INFO pl.mihome.stejsiWebApp.logic.FirebaseCloudMessagingInit [main] Firebase application has been initialized
2020-09-02 12:51:50,726 INFO org.springframework.security.web.DefaultSecurityFilterChain [main] Creating filter chain: any request, [org.springframework.security.web.context.request.async.WebAsyncManagerIntegrationFilter@420d123d, org.springframework.security.web.context.SecurityContextPersistenceFilter@485dfac9, org.springframework.security.web.header.HeaderWriterFilter@1666e021, org.springframework.security.web.csrf.CsrfFilter@3edc999f, org.keycloak.adapters.springsecurity.filter.KeycloakPreAuthActionsFilter@40ef385f, org.keycloak.adapters.springsecurity.filter.KeycloakAuthenticationProcessingFilter@3054cdd3, org.springframework.security.web.authentication.logout.LogoutFilter@43ab4e83, org.springframework.security.web.savedrequest.RequestCacheAwareFilter@63f093a, org.springframework.security.web.servletapi.SecurityContextHolderAwareRequestFilter@2330c5c5, org.keycloak.adapters.springsecurity.filter.KeycloakSecurityContextRequestFilter@51d6c42d, org.keycloak.adapters.springsecurity.filter.KeycloakAuthenticatedActionsFilter@68423388, org.springframework.security.web.authentication.AnonymousAuthenticationFilter@36d8ddc5, org.springframework.security.web.session.SessionManagementFilter@3a22c944, org.springframework.security.web.access.ExceptionTranslationFilter@5e18a6a7, org.springframework.security.web.access.intercept.FilterSecurityInterceptor@78fcc4ef]
2020-09-02 12:51:50,940 INFO org.springframework.scheduling.concurrent.ExecutorConfigurationSupport [main] Initializing ExecutorService 'applicationTaskExecutor'
2020-09-02 12:51:51,070 INFO org.springframework.boot.autoconfigure.web.servlet.WelcomePageHandlerMapping [main] Adding welcome page template: index
2020-09-02 12:51:51,748 INFO org.springframework.scheduling.concurrent.ExecutorConfigurationSupport [main] Initializing ExecutorService 'taskScheduler'
2020-09-02 12:51:51,983 INFO org.hibernate.search.batchindexing.impl.SimpleIndexingProgressMonitor [Hibernate Search: identifierloader-1] HSEARCH000027: Going to reindex 13 entities
2020-09-02 12:51:52,238 INFO org.hibernate.search.batchindexing.impl.SimpleIndexingProgressMonitor [main] HSEARCH000028: Reindexed 13 entities
2020-09-02 12:51:52,243 INFO org.apache.juli.logging.DirectJDKLog [main] Starting ProtocolHandler ["http-nio-8080"]
2020-09-02 12:51:52,284 INFO org.springframework.boot.web.embedded.tomcat.TomcatWebServer [main] Tomcat started on port(s): 8080 (http) with context path ''
2020-09-02 12:51:52,287 INFO org.springframework.boot.StartupInfoLogger [main] Started StejsiWebAppApplication in 10.509 seconds (JVM running for 11.75)
2020-09-02 12:52:03,833 INFO org.apache.juli.logging.DirectJDKLog [http-nio-8080-exec-2] Initializing Spring DispatcherServlet 'dispatcherServlet'
2020-09-02 12:52:03,834 INFO org.springframework.web.servlet.FrameworkServlet [http-nio-8080-exec-2] Initializing Servlet 'dispatcherServlet'
2020-09-02 12:52:03,871 INFO org.springframework.web.servlet.FrameworkServlet [http-nio-8080-exec-2] Completed initialization in 37 ms
2020-09-02 12:52:04,034 INFO pl.mihome.stejsiWebApp.logic.TreningService [http-nio-8080-exec-2] Pobieranie mapy treningów w cyklu tygodniowym dla indeksu tygodnia: 0
2020-09-02 12:52:51,845 INFO pl.mihome.stejsiWebApp.logic.ScheduledNotificationService [scheduling-1] Rozpoczynanie wysyłki powiadomień o nowych treningach z częstotliwością raz na 15 minut(y)
2020-09-02 12:53:51,806 INFO pl.mihome.stejsiWebApp.logic.ScheduledNotificationService [scheduling-1] Rozpoczynanie wysyłki powiadomień z prośbą o potwierdzenie obecności na treningu z częstotliwością raz na 30 minut(y)
2020-09-02 12:54:51,806 INFO pl.mihome.stejsiWebApp.logic.ScheduledNotificationService [scheduling-1] Rozpoczynanie wysyłki powiadomień ponaglających o konieczności potwierdzenia obecności z częstotliwością raz na 360 minut(y)
2020-09-02 13:07:51,941 INFO pl.mihome.stejsiWebApp.logic.ScheduledNotificationService [scheduling-1] Rozpoczynanie wysyłki powiadomień o nowych treningach z częstotliwością raz na 15 minut(y)
2020-09-02 13:21:10,211 INFO pl.mihome.stejsiWebApp.logic.PodopiecznyService [http-nio-8080-exec-4] Zwracanie slice podopiecznych - strona 0
2020-09-02 13:21:10,210 INFO pl.mihome.stejsiWebApp.logic.PodopiecznyService [http-nio-8080-exec-5] Pobieranie danych użytkownika id: 1
2020-09-02 13:22:52,045 INFO pl.mihome.stejsiWebApp.logic.ScheduledNotificationService [scheduling-1] Rozpoczynanie wysyłki powiadomień o nowych treningach z częstotliwością raz na 15 minut(y)
2020-09-02 13:23:51,813 INFO pl.mihome.stejsiWebApp.logic.ScheduledNotificationService [scheduling-1] Rozpoczynanie wysyłki powiadomień z prośbą o potwierdzenie obecności na treningu z częstotliwością raz na 30 minut(y)
2020-09-02 13:27:46,634 INFO pl.mihome.stejsiWebApp.logic.PodopiecznyService [http-nio-8080-exec-8] Zwracanie slice podopiecznych - strona 0
2020-09-02 13:27:46,631 INFO pl.mihome.stejsiWebApp.logic.PodopiecznyService [http-nio-8080-exec-9] Pobieranie danych użytkownika id: 1
2020-09-02 13:28:46,591 INFO pl.mihome.stejsiWebApp.logic.PodopiecznyService [http-nio-8080-exec-2] Zwracanie slice podopiecznych - strona 0
2020-09-02 13:28:46,591 INFO pl.mihome.stejsiWebApp.logic.PodopiecznyService [http-nio-8080-exec-3] Pobieranie danych użytkownika id: 1
2020-09-02 13:33:55,833 INFO pl.mihome.stejsiWebApp.logic.PodopiecznyService [http-nio-8080-exec-7] Zwracanie slice podopiecznych - strona 0
2020-09-02 13:33:55,833 INFO pl.mihome.stejsiWebApp.logic.PodopiecznyService [http-nio-8080-exec-6] Pobieranie danych użytkownika id: 1
2020-09-02 13:35:19,808 INFO pl.mihome.stejsiWebApp.logic.PodopiecznyService [http-nio-8080-exec-1] Zwracanie slice podopiecznych - strona 0
2020-09-02 13:35:19,812 INFO pl.mihome.stejsiWebApp.logic.PodopiecznyService [http-nio-8080-exec-10] Pobieranie danych użytkownika id: 1
2020-09-02 13:37:52,147 INFO pl.mihome.stejsiWebApp.logic.ScheduledNotificationService [scheduling-1] Rozpoczynanie wysyłki powiadomień o nowych treningach z częstotliwością raz na 15 minut(y)
2020-09-02 13:44:29,216 INFO pl.mihome.stejsiWebApp.logic.PodopiecznyService [http-nio-8080-exec-4] Zwracanie slice podopiecznych - strona 0
2020-09-02 13:44:29,216 INFO pl.mihome.stejsiWebApp.logic.PodopiecznyService [http-nio-8080-exec-5] Pobieranie danych użytkownika id: 1
2020-09-02 13:52:52,191 INFO pl.mihome.stejsiWebApp.logic.ScheduledNotificationService [scheduling-1] Rozpoczynanie wysyłki powiadomień o nowych treningach z częstotliwością raz na 15 minut(y)
2020-09-02 13:53:51,838 INFO pl.mihome.stejsiWebApp.logic.ScheduledNotificationService [scheduling-1] Rozpoczynanie wysyłki powiadomień z prośbą o potwierdzenie obecności na treningu z częstotliwością raz na 30 minut(y)
2020-09-02 14:07:52,249 INFO pl.mihome.stejsiWebApp.logic.ScheduledNotificationService [scheduling-1] Rozpoczynanie wysyłki powiadomień o nowych treningach z częstotliwością raz na 15 minut(y)
2020-09-02 14:22:52,268 INFO pl.mihome.stejsiWebApp.logic.ScheduledNotificationService [scheduling-1] Rozpoczynanie wysyłki powiadomień o nowych treningach z częstotliwością raz na 15 minut(y)
2020-09-02 14:23:51,853 INFO pl.mihome.stejsiWebApp.logic.ScheduledNotificationService [scheduling-1] Rozpoczynanie wysyłki powiadomień z prośbą o potwierdzenie obecności na treningu z częstotliwością raz na 30 minut(y)
2020-09-02 14:37:52,287 INFO pl.mihome.stejsiWebApp.logic.ScheduledNotificationService [scheduling-1] Rozpoczynanie wysyłki powiadomień o nowych treningach z częstotliwością raz na 15 minut(y)
2020-09-02 14:52:52,327 INFO pl.mihome.stejsiWebApp.logic.ScheduledNotificationService [scheduling-1] Rozpoczynanie wysyłki powiadomień o nowych treningach z częstotliwością raz na 15 minut(y)
2020-09-02 14:53:51,885 INFO pl.mihome.stejsiWebApp.logic.ScheduledNotificationService [scheduling-1] Rozpoczynanie wysyłki powiadomień z prośbą o potwierdzenie obecności na treningu z częstotliwością raz na 30 minut(y)
2020-09-02 15:07:52,371 INFO pl.mihome.stejsiWebApp.logic.ScheduledNotificationService [scheduling-1] Rozpoczynanie wysyłki powiadomień o nowych treningach z częstotliwością raz na 15 minut(y)
2020-09-02 15:34:46,718 WARN com.zaxxer.hikari.pool.HikariPool$HouseKeeper [HikariPool-1 housekeeper] HikariPool-1 - Thread starvation or clock leap detected (housekeeper delta=13m57s392ms).
2020-09-02 15:36:21,374 INFO pl.mihome.stejsiWebApp.logic.ScheduledNotificationService [scheduling-1] Rozpoczynanie wysyłki powiadomień o nowych treningach z częstotliwością raz na 15 minut(y)
2020-09-02 15:37:20,864 INFO pl.mihome.stejsiWebApp.logic.ScheduledNotificationService [scheduling-1] Rozpoczynanie wysyłki powiadomień z prośbą o potwierdzenie obecności na treningu z częstotliwością raz na 30 minut(y)
2020-09-02 16:19:03,631 WARN com.zaxxer.hikari.pool.HikariPool$HouseKeeper [HikariPool-1 housekeeper] HikariPool-1 - Thread starvation or clock leap detected (housekeeper delta=39m46s807ms).
2020-09-02 17:27:11,853 WARN com.zaxxer.hikari.pool.HikariPool$HouseKeeper [HikariPool-1 housekeeper] HikariPool-1 - Thread starvation or clock leap detected (housekeeper delta=1h6m8s178ms).
2020-09-02 17:35:10,098 WARN com.zaxxer.hikari.pool.HikariPool$HouseKeeper [HikariPool-1 housekeeper] HikariPool-1 - Thread starvation or clock leap detected (housekeeper delta=7m28s230ms).
2020-09-02 18:10:06,544 WARN com.zaxxer.hikari.pool.HikariPool$HouseKeeper [HikariPool-1 housekeeper] HikariPool-1 - Thread starvation or clock leap detected (housekeeper delta=34m26s442ms).
2020-09-02 18:32:54,645 WARN com.zaxxer.hikari.pool.HikariPool$HouseKeeper [HikariPool-1 housekeeper] HikariPool-1 - Thread starvation or clock leap detected (housekeeper delta=22m48s101ms).
2020-09-02 18:35:05,016 WARN com.zaxxer.hikari.pool.HikariPool$HouseKeeper [HikariPool-1 housekeeper] HikariPool-1 - Thread starvation or clock leap detected (housekeeper delta=1m10s367ms).
2020-09-02 20:43:36,626 WARN com.zaxxer.hikari.pool.HikariPool$HouseKeeper [HikariPool-1 housekeeper] HikariPool-1 - Thread starvation or clock leap detected (housekeeper delta=2h6m31s584ms).
2020-09-02 21:00:02,098 WARN com.zaxxer.hikari.pool.HikariPool$HouseKeeper [HikariPool-1 housekeeper] HikariPool-1 - Thread starvation or clock leap detected (housekeeper delta=16m25s472ms).
2020-09-02 21:30:10,088 WARN com.zaxxer.hikari.pool.HikariPool$HouseKeeper [HikariPool-1 housekeeper] HikariPool-1 - Thread starvation or clock leap detected (housekeeper delta=30m7s980ms).
2020-09-02 22:15:24,081 WARN com.zaxxer.hikari.pool.HikariPool$HouseKeeper [HikariPool-1 housekeeper] HikariPool-1 - Thread starvation or clock leap detected (housekeeper delta=45m13s994ms).
